T5B28 1294:634.752   SEGGER J-Link V7.96c Log File
T5B28 1294:634.752   DLL Compiled: Apr  2 2024 12:30:42
T5B28 1294:634.752   Logging started @ 2024-04-27 22:04
T5B28 1294:634.752   Process: C:\Program Files (x86)\Atmel\Studio\7.0\atbackend\atbackend.exe
T5B28 1294:634.752 - 4689.642ms
T5B28 1294:643.200 JLINK_ExecCommand("Device = ATSAMD21G18A", ...). 
T5B28 1294:643.456   Device "ATSAMD21G18A" selected.
T5B28 1294:643.456 - 0.308ms returns 0x00
T5B28 1294:653.184 JLINK_TIF_Select(JLINKARM_TIF_SWD)
T5B28 1294:653.696 - 0.505ms returns 0x00
T5B28 1294:653.696 JLINK_SetSpeed(4000)
T5B28 1294:653.824 - 0.053ms
T5B28 1294:653.824 JLINK_ResetPullsRESET(OFF)
T5B28 1294:653.952 - 0.024ms
T5B28 1294:653.952 JLINK_Connect()
T5B28 1294:654.208   InitTarget() start
T5B28 1294:654.208    J-Link Script File: Executing InitTarget()
T5B28 1294:654.208   InitTarget()
T5B28 1294:656.256   InitTarget() end - Took 1.96ms
T5B28 1294:656.768   Found SW-DP with ID 0x0BC11477
T5B28 1294:658.816   DPIDR: 0x0BC11477
T5B28 1294:658.816   CoreSight SoC-400 or earlier
T5B28 1294:658.816   Scanning AP map to find all available APs
T5B28 1294:659.328   AP[1]: Stopped AP scan as end of AP map has been reached
T5B28 1294:659.328   AP[0]: AHB-AP (IDR: 0x04770031)
T5B28 1294:659.328   Iterating through AP map to find AHB-AP to use
T5B28 1294:660.224   AP[0]: Core found
T5B28 1294:660.224   AP[0]: AHB-AP ROM base: 0x41003000
T5B28 1294:660.608   CPUID register: 0x410CC601. Implementer code: 0x41 (ARM)
T5B28 1294:660.608   Found Cortex-M0 r0p1, Little endian.
T5B28 1294:660.864   -- Max. mem block: 0x00002BA8
T5B28 1294:661.376   Cortex-M: The connected J-Link (S/N 801048258) uses an old firmware module: V1 (current is 2)
T5B28 1294:661.376   CPU_ReadMem(4 bytes @ 0xE000EDF0)
T5B28 1294:661.504   CPU_WriteMem(4 bytes @ 0xE000EDF0)
T5B28 1294:661.888   CPU_ReadMem(4 bytes @ 0xE0002000)
T5B28 1294:662.016   FPUnit: 4 code (BP) slots and 0 literal slots
T5B28 1294:662.016   CPU_ReadMem(4 bytes @ 0xE000EDFC)
T5B28 1294:662.400   CPU_WriteMem(4 bytes @ 0xE000EDFC)
T5B28 1294:662.656   CPU_ReadMem(4 bytes @ 0xE0001000)
T5B28 1294:662.912   CPU_WriteMem(4 bytes @ 0xE0001000)
T5B28 1294:663.296   CoreSight components:
T5B28 1294:663.296   ROMTbl[0] @ 41003000
T5B28 1294:663.296   CPU_ReadMem(64 bytes @ 0x41003000)
T5B28 1294:664.064   CPU_ReadMem(32 bytes @ 0xE00FFFE0)
T5B28 1294:664.576   [0][0]: E00FF000 CID B105100D PID 000BB4C0 ROM Table
T5B28 1294:664.576   ROMTbl[1] @ E00FF000
T5B28 1294:664.576   CPU_ReadMem(64 bytes @ 0xE00FF000)
T5B28 1294:665.344   CPU_ReadMem(32 bytes @ 0xE000EFE0)
T5B28 1294:665.984   [1][0]: E000E000 CID B105E00D PID 000BB008 SCS
T5B28 1294:665.984   CPU_ReadMem(32 bytes @ 0xE0001FE0)
T5B28 1294:666.496   [1][1]: E0001000 CID B105E00D PID 000BB00A DWT
T5B28 1294:666.496   CPU_ReadMem(32 bytes @ 0xE0002FE0)
T5B28 1294:667.008   [1][2]: E0002000 CID B105E00D PID 000BB00B FPB
T5B28 1294:667.008   CPU_ReadMem(32 bytes @ 0x41006FE0)
T5B28 1294:667.392   [0][1]: 41006000 CID B105900D PID 001BB932 MTB-M0+
T5B28 1294:667.392 - 13.451ms returns 0x00
T5B28 1294:667.392 JLINK_ExecCommand("ExcludeFlashCacheRange 0x0 - 0x40000", ...). 
T5B28 1294:667.392 - 0.000ms returns 0x00
T5B28 1294:667.520 JLINK_Halt()
T5B28 1294:670.080 - 2.691ms returns 0x00
T5B28 1294:670.720 JLINK_JTAG_GetDeviceID(DeviceIndex = 0)
T5B28 1294:670.720 - 0.008ms returns 0
T5B28 1294:670.720 JLINK_ReadMemU32(0x41002018, 0x1 Items)
T5B28 1294:670.720   CPU_ReadMem(4 bytes @ 0x41002018)
T5B28 1294:670.976   Data:  05 03 01 10
T5B28 1294:670.976 - 0.270ms returns 1 (0x1)
T2088 1294:680.448 JLINK_IsHalted()
T2088 1294:680.832 - 0.376ms returns TRUE
T2088 1294:680.832 JLINK_GetMOEs(...)
T2088 1294:680.832   CPU_ReadMem(4 bytes @ 0xE000ED30)
T2088 1294:681.344 - 0.347ms returns 0x01
T2088 1294:681.344 JLINK_ReadReg(R15 (PC))
T2088 1294:681.344 - 0.008ms returns 0x00017C9C
T5B28 1294:712.320 JLINK_BeginDownload(Flags = 0x00000000)
T5B28 1294:712.320 - 0.013ms
T5B28 1294:712.320 JLINK_WriteMem(0x00012000, 0x25620 Bytes, ...)
T5B28 1294:712.448   Data:  08 76 00 20 0D 8B 02 00 05 8C 02 00 05 8C 02 00 ...
T5B28 1294:712.576   completely In flash
T5B28 1294:712.576 - 0.313ms returns 0x25620
T5B28 1294:712.960 JLINK_WriteMem(0x00037620, 0x2E0 Bytes, ...)
T5B28 1294:712.960   Data:  00 00 00 00 0C 00 00 00 00 00 00 00 00 00 00 00 ...
T5B28 1294:712.960   completely In flash
T5B28 1294:712.960 - 0.020ms returns 0x2E0
T2088 1294:883.712 JLINK_IsHalted()
T2088 1294:883.712 - 0.017ms returns TRUE
T5B28 1294:884.352 JLINK_EndDownload()
T5B28 1294:884.480   CPU_ReadMem(4 bytes @ 0x41006004)
T5B28 1294:884.736   CPU_ReadMem(4 bytes @ 0xE000ED90)
T5B28 1294:884.992    -- --------------------------------------
T5B28 1294:884.992    -- Flash bank @ 0x00000000: Default: L2 verify disabled because algorithm performs L1 verify
T5B28 1294:885.120    -- Start of determining dirty areas in flash cache
T5B28 1294:885.120    -- Filling invalid ranges in sector buffer (flash cache) for sector @ 0x00012000 if necessary
T5B28 1294:885.120    -- Filling invalid ranges in sector buffer (flash cache) for sector @ 0x00012100 if necessary
T5B28 1294:885.120    -- Filling invalid ranges in sector buffer (flash cache) for sector @ 0x00012200 if necessary
T5B28 1294:885.120    -- Filling invalid ranges in sector buffer (flash cache) for sector @ 0x00012300 if necessary
T5B28 1294:885.120    -- Filling invalid ranges in sector buffer (flash cache) for sector @ 0x00012400 if necessary
T5B28 1294:885.120    -- Filling invalid ranges in sector buffer (flash cache) for sector @ 0x00012500 if necessary
T5B28 1294:885.120    -- Filling invalid ranges in sector buffer (flash cache) for sector @ 0x00012600 if necessary
T5B28 1294:885.120    -- Filling invalid ranges in sector buffer (flash cache) for sector @ 0x00012700 if necessary
T5B28 1294:885.120    -- Filling invalid ranges in sector buffer (flash cache) for sector @ 0x00012800 if necessary
T5B28 1294:885.120    -- Filling invalid ranges in sector buffer (flash cache) for sector @ 0x00012900 if necessary
T5B28 1294:885.120    -- Filling invalid ranges in sector buffer (flash cache) for sector @ 0x00012A00 if necessary
T5B28 1294:885.120    -- Filling invalid ranges in sector buffer (flash cache) for sector @ 0x00012B00 if necessary
T5B28 1294:885.120    -- Filling invalid ranges in sector buffer (flash cache) for sector @ 0x00012C00 if necessary
T5B28 1294:885.120    -- Filling invalid ranges in sector buffer (flash cache) for sector @ 0x00012D00 if necessary
T5B28 1294:885.120    -- Filling invalid ranges in sector buffer (flash cache) for sector @ 0x00012E00 if necessary
T5B28 1294:885.120    -- Filling invalid ranges in sector buffer (flash cache) for sector @ 0x00012F00 if necessary
T5B28 1294:885.120    -- Filling invalid ranges in sector buffer (flash cache) for sector @ 0x00013000 if necessary
T5B28 1294:885.120    -- Filling invalid ranges in sector buffer (flash cache) for sector @ 0x00013100 if necessary
T5B28 1294:885.120    -- Filling invalid ranges in sector buffer (flash cache) for sector @ 0x00013200 if necessary
T5B28 1294:885.120    -- Filling invalid ranges in sector buffer (flash cache) for sector @ 0x00013300 if necessary
T5B28 1294:885.120    -- Filling invalid ranges in sector buffer (flash cache) for sector @ 0x00013400 if necessary
T5B28 1294:885.120    -- Filling invalid ranges in sector buffer (flash cache) for sector @ 0x00013500 if necessary
T5B28 1294:885.120    -- Filling invalid ranges in sector buffer (flash cache) for sector @ 0x00013600 if necessary
T5B28 1294:885.120    -- Filling invalid ranges in sector buffer (flash cache) for sector @ 0x00013700 if necessary
T5B28 1294:885.120    -- Filling invalid ranges in sector buffer (flash cache) for sector @ 0x00013800 if necessary
T5B28 1294:885.120    -- Filling invalid ranges in sector buffer (flash cache) for sector @ 0x00013900 if necessary
T5B28 1294:885.120    -- Filling invalid ranges in sector buffer (flash cache) for sector @ 0x00013A00 if necessary
T5B28 1294:885.120    -- Filling invalid ranges in sector buffer (flash cache) for sector @ 0x00013B00 if necessary
T5B28 1294:885.248    -- Filling invalid ranges in sector buffer (flash cache) for sector @ 0x00013C00 if necessary
T5B28 1294:885.248    -- Filling invalid ranges in sector buffer (flash cache) for sector @ 0x00013D00 if necessary
T5B28 1294:885.248    -- Filling invalid ranges in sector buffer (flash cache) for sector @ 0x00013E00 if necessary
T5B28 1294:885.248    -- Filling invalid ranges in sector buffer (flash cache) for sector @ 0x00013F00 if necessary
T5B28 1294:885.248    -- Filling invalid ranges in sector buffer (flash cache) for sector @ 0x00014000 if necessary
T5B28 1294:885.248    -- Filling invalid ranges in sector buffer (flash cache) for sector @ 0x00014100 if necessary
T5B28 1294:885.248    -- Filling invalid ranges in sector buffer (flash cache) for sector @ 0x00014200 if necessary
T5B28 1294:885.248    -- Filling invalid ranges in sector buffer (flash cache) for sector @ 0x00014300 if necessary
T5B28 1294:885.248    -- Filling invalid ranges in sector buffer (flash cache) for sector @ 0x00014400 if necessary
T5B28 1294:885.248    -- Filling invalid ranges in sector buffer (flash cache) for sector @ 0x00014500 if necessary
T5B28 1294:885.248    -- Filling invalid ranges in sector buffer (flash cache) for sector @ 0x00014600 if necessary
T5B28 1294:885.248    -- Filling invalid ranges in sector buffer (flash cache) for sector @ 0x00014700 if necessary
T5B28 1294:885.248    -- Filling invalid ranges in sector buffer (flash cache) for sector @ 0x00014800 if necessary
T5B28 1294:885.248    -- Filling invalid ranges in sector buffer (flash cache) for sector @ 0x00014900 if necessary
T5B28 1294:885.248    -- Filling invalid ranges in sector buffer (flash cache) for sector @ 0x00014A00 if necessary
T5B28 1294:885.376    -- Filling invalid ranges in sector buffer (flash cache) for sector @ 0x00014B00 if necessary
T5B28 1294:885.376    -- Filling invalid ranges in sector buffer (flash cache) for sector @ 0x00014C00 if necessary
T5B28 1294:885.376    -- Filling invalid ranges in sector buffer (flash cache) for sector @ 0x00014D00 if necessary
T5B28 1294:885.376    -- Filling invalid ranges in sector buffer (flash cache) for sector @ 0x00014E00 if necessary
T5B28 1294:885.376    -- Filling invalid ranges in sector buffer (flash cache) for sector @ 0x00014F00 if necessary
T5B28 1294:885.376    -- Filling invalid ranges in sector buffer (flash cache) for sector @ 0x00015000 if necessary
T5B28 1294:885.376    -- Filling invalid ranges in sector buffer (flash cache) for sector @ 0x00015100 if necessary
T5B28 1294:885.376    -- Filling invalid ranges in sector buffer (flash cache) for sector @ 0x00015200 if necessary
T5B28 1294:885.376    -- Filling invalid ranges in sector buffer (flash cache) for sector @ 0x00015300 if necessary
T5B28 1294:885.376    -- Filling invalid ranges in sector buffer (flash cache) for sector @ 0x00015400 if necessary
T5B28 1294:885.376    -- Filling invalid ranges in sector buffer (flash cache) for sector @ 0x00015500 if necessary
T5B28 1294:885.376    -- Filling invalid ranges in sector buffer (flash cache) for sector @ 0x00015600 if necessary
T5B28 1294:885.376    -- Filling invalid ranges in sector buffer (flash cache) for sector @ 0x00015700 if necessary
T5B28 1294:885.376    -- Filling invalid ranges in sector buffer (flash cache) for sector @ 0x00015800 if necessary
T5B28 1294:885.376    -- Filling invalid ranges in sector buffer (flash cache) for sector @ 0x00015900 if necessary
T5B28 1294:885.376    -- Filling invalid ranges in sector buffer (flash cache) for sector @ 0x00015A00 if necessary
T5B28 1294:885.504    -- Filling invalid ranges in sector buffer (flash cache) for sector @ 0x00015B00 if necessary
T5B28 1294:885.504    -- Filling invalid ranges in sector buffer (flash cache) for sector @ 0x00015C00 if necessary
T5B28 1294:885.504    -- Filling invalid ranges in sector buffer (flash cache) for sector @ 0x00015D00 if necessary
T5B28 1294:885.504    -- Filling invalid ranges in sector buffer (flash cache) for sector @ 0x00015E00 if necessary
T5B28 1294:885.504    -- Filling invalid ranges in sector buffer (flash cache) for sector @ 0x00015F00 if necessary
T5B28 1294:885.504    -- Filling invalid ranges in sector buffer (flash cache) for sector @ 0x00016000 if necessary
T5B28 1294:885.504    -- Filling invalid ranges in sector buffer (flash cache) for sector @ 0x00016100 if necessary
T5B28 1294:885.504    -- Filling invalid ranges in sector buffer (flash cache) for sector @ 0x00016200 if necessary
T5B28 1294:885.504    -- Filling invalid ranges in sector buffer (flash cache) for sector @ 0x00016300 if necessary
T5B28 1294:885.504    -- Filling invalid ranges in sector buffer (flash cache) for sector @ 0x00016400 if necessary
T5B28 1294:885.504    -- Filling invalid ranges in sector buffer (flash cache) for sector @ 0x00016500 if necessary
T5B28 1294:885.504    -- Filling invalid ranges in sector buffer (flash cache) for sector @ 0x00016600 if necessary
T5B28 1294:885.504    -- Filling invalid ranges in sector buffer (flash cache) for sector @ 0x00016700 if necessary
T5B28 1294:885.504    -- Filling invalid ranges in sector buffer (flash cache) for sector @ 0x00016800 if necessary
T5B28 1294:885.504    -- Filling invalid ranges in sector buffer (flash cache) for sector @ 0x00016900 if necessary
T5B28 1294:885.504    -- Filling invalid ranges in sector buffer (flash cache) for sector @ 0x00016A00 if necessary
T5B28 1294:885.504    -- Filling invalid ranges in sector buffer (flash cache) for sector @ 0x00016B00 if necessary
T5B28 1294:885.632    -- Filling invalid ranges in sector buffer (flash cache) for sector @ 0x00016C00 if necessary
T5B28 1294:885.632    -- Filling invalid ranges in sector buffer (flash cache) for sector @ 0x00016D00 if necessary
T5B28 1294:885.632    -- Filling invalid ranges in sector buffer (flash cache) for sector @ 0x00016E00 if necessary
T5B28 1294:885.632    -- Filling invalid ranges in sector buffer (flash cache) for sector @ 0x00016F00 if necessary
T5B28 1294:885.632    -- Filling invalid ranges in sector buffer (flash cache) for sector @ 0x00017000 if necessary
T5B28 1294:885.632    -- Filling invalid ranges in sector buffer (flash cache) for sector @ 0x00017100 if necessary
T5B28 1294:885.632    -- Filling invalid ranges in sector buffer (flash cache) for sector @ 0x00017200 if necessary
T5B28 1294:885.632    -- Filling invalid ranges in sector buffer (flash cache) for sector @ 0x00017300 if necessary
T5B28 1294:885.632    -- Filling invalid ranges in sector buffer (flash cache) for sector @ 0x00017400 if necessary
T5B28 1294:885.632    -- Filling invalid ranges in sector buffer (flash cache) for sector @ 0x00017500 if necessary
T5B28 1294:885.632    -- Filling invalid ranges in sector buffer (flash cache) for sector @ 0x00017600 if necessary
T5B28 1294:885.632    -- Filling invalid ranges in sector buffer (flash cache) for sector @ 0x00017700 if necessary
T5B28 1294:885.632    -- Filling invalid ranges in sector buffer (flash cache) for sector @ 0x00017800 if necessary
T5B28 1294:885.632    -- Filling invalid ranges in sector buffer (flash cache) for sector @ 0x00017900 if necessary
T5B28 1294:885.632    -- Filling invalid ranges in sector buffer (flash cache) for sector @ 0x00017A00 if necessary
T5B28 1294:885.632    -- Filling invalid ranges in sector buffer (flash cache) for sector @ 0x00017B00 if necessary
T5B28 1294:885.632    -- Filling invalid ranges in sector buffer (flash cache) for sector @ 0x00017C00 if necessary
T5B28 1294:885.632    -- Filling invalid ranges in sector buffer (flash cache) for sector @ 0x00017D00 if necessary
T5B28 1294:885.632    -- Filling invalid ranges in sector buffer (flash cache) for sector @ 0x00017E00 if necessary
T5B28 1294:885.632    -- Filling invalid ranges in sector buffer (flash cache) for sector @ 0x00017F00 if necessary
T5B28 1294:885.632    -- Filling invalid ranges in sector buffer (flash cache) for sector @ 0x00018000 if necessary
T5B28 1294:885.632    -- Filling invalid ranges in sector buffer (flash cache) for sector @ 0x00018100 if necessary
T5B28 1294:885.632    -- Filling invalid ranges in sector buffer (flash cache) for sector @ 0x00018200 if necessary
T5B28 1294:885.632    -- Filling invalid ranges in sector buffer (flash cache) for sector @ 0x00018300 if necessary
T5B28 1294:885.632    -- Filling invalid ranges in sector buffer (flash cache) for sector @ 0x00018400 if necessary
T5B28 1294:885.632    -- Filling invalid ranges in sector buffer (flash cache) for sector @ 0x00018500 if necessary
T5B28 1294:885.632    -- Filling invalid ranges in sector buffer (flash cache) for sector @ 0x00018600 if necessary
T5B28 1294:885.632    -- Filling invalid ranges in sector buffer (flash cache) for sector @ 0x00018700 if necessary
T5B28 1294:885.632    -- Filling invalid ranges in sector buffer (flash cache) for sector @ 0x00018800 if necessary
T5B28 1294:885.632    -- Filling invalid ranges in sector buffer (flash cache) for sector @ 0x00018900 if necessary
T5B28 1294:885.632    -- Filling invalid ranges in sector buffer (flash cache) for sector @ 0x00018A00 if necessary
T5B28 1294:885.760    -- Filling invalid ranges in sector buffer (flash cache) for sector @ 0x00018B00 if necessary
T5B28 1294:885.760    -- Filling invalid ranges in sector buffer (flash cache) for sector @ 0x00018C00 if necessary
T5B28 1294:885.760    -- Filling invalid ranges in sector buffer (flash cache) for sector @ 0x00018D00 if necessary
T5B28 1294:885.760    -- Filling invalid ranges in sector buffer (flash cache) for sector @ 0x00018E00 if necessary
T5B28 1294:885.760    -- Filling invalid ranges in sector buffer (flash cache) for sector @ 0x00018F00 if necessary
T5B28 1294:885.760    -- Filling invalid ranges in sector buffer (flash cache) for sector @ 0x00019000 if necessary
T5B28 1294:885.760    -- Filling invalid ranges in sector buffer (flash cache) for sector @ 0x00019100 if necessary
T5B28 1294:885.760    -- Filling invalid ranges in sector buffer (flash cache) for sector @ 0x00019200 if necessary
T5B28 1294:885.760    -- Filling invalid ranges in sector buffer (flash cache) for sector @ 0x00019300 if necessary
T5B28 1294:885.760    -- Filling invalid ranges in sector buffer (flash cache) for sector @ 0x00019400 if necessary
T5B28 1294:885.760    -- Filling invalid ranges in sector buffer (flash cache) for sector @ 0x00019500 if necessary
T5B28 1294:885.760    -- Filling invalid ranges in sector buffer (flash cache) for sector @ 0x00019600 if necessary
T5B28 1294:885.760    -- Filling invalid ranges in sector buffer (flash cache) for sector @ 0x00019700 if necessary
T5B28 1294:885.760    -- Filling invalid ranges in sector buffer (flash cache) for sector @ 0x00019800 if necessary
T5B28 1294:885.760    -- Filling invalid ranges in sector buffer (flash cache) for sector @ 0x00019900 if necessary
T5B28 1294:885.760    -- Filling invalid ranges in sector buffer (flash cache) for sector @ 0x00019A00 if necessary
T5B28 1294:885.760    -- Filling invalid ranges in sector buffer (flash cache) for sector @ 0x00019B00 if necessary
T5B28 1294:885.888    -- Filling invalid ranges in sector buffer (flash cache) for sector @ 0x00019C00 if necessary
T5B28 1294:885.888    -- Filling invalid ranges in sector buffer (flash cache) for sector @ 0x00019D00 if necessary
T5B28 1294:885.888    -- Filling invalid ranges in sector buffer (flash cache) for sector @ 0x00019E00 if necessary
T5B28 1294:885.888    -- Filling invalid ranges in sector buffer (flash cache) for sector @ 0x00019F00 if necessary
T5B28 1294:885.888    -- Filling invalid ranges in sector buffer (flash cache) for sector @ 0x0001A000 if necessary
T5B28 1294:885.888    -- Filling invalid ranges in sector buffer (flash cache) for sector @ 0x0001A100 if necessary
T5B28 1294:885.888    -- Filling invalid ranges in sector buffer (flash cache) for sector @ 0x0001A200 if necessary
T5B28 1294:885.888    -- Filling invalid ranges in sector buffer (flash cache) for sector @ 0x0001A300 if necessary
T5B28 1294:885.888    -- Filling invalid ranges in sector buffer (flash cache) for sector @ 0x0001A400 if necessary
T5B28 1294:885.888    -- Filling invalid ranges in sector buffer (flash cache) for sector @ 0x0001A500 if necessary
T5B28 1294:885.888    -- Filling invalid ranges in sector buffer (flash cache) for sector @ 0x0001A600 if necessary
T5B28 1294:885.888    -- Filling invalid ranges in sector buffer (flash cache) for sector @ 0x0001A700 if necessary
T5B28 1294:885.888    -- Filling invalid ranges in sector buffer (flash cache) for sector @ 0x0001A800 if necessary
T5B28 1294:885.888    -- Filling invalid ranges in sector buffer (flash cache) for sector @ 0x0001A900 if necessary
T5B28 1294:885.888    -- Filling invalid ranges in sector buffer (flash cache) for sector @ 0x0001AA00 if necessary
T5B28 1294:885.888    -- Filling invalid ranges in sector buffer (flash cache) for sector @ 0x0001AB00 if necessary
T5B28 1294:885.888    -- Filling invalid ranges in sector buffer (flash cache) for sector @ 0x0001AC00 if necessary
T5B28 1294:886.016    -- Filling invalid ranges in sector buffer (flash cache) for sector @ 0x0001AD00 if necessary
T5B28 1294:886.016    -- Filling invalid ranges in sector buffer (flash cache) for sector @ 0x0001AE00 if necessary
T5B28 1294:886.016    -- Filling invalid ranges in sector buffer (flash cache) for sector @ 0x0001AF00 if necessary
T5B28 1294:886.016    -- Filling invalid ranges in sector buffer (flash cache) for sector @ 0x0001B000 if necessary
T5B28 1294:886.016    -- Filling invalid ranges in sector buffer (flash cache) for sector @ 0x0001B100 if necessary
T5B28 1294:886.016    -- Filling invalid ranges in sector buffer (flash cache) for sector @ 0x0001B200 if necessary
T5B28 1294:886.016    -- Filling invalid ranges in sector buffer (flash cache) for sector @ 0x0001B300 if necessary
T5B28 1294:886.016    -- Filling invalid ranges in sector buffer (flash cache) for sector @ 0x0001B400 if necessary
T5B28 1294:886.016    -- Filling invalid ranges in sector buffer (flash cache) for sector @ 0x0001B500 if necessary
T5B28 1294:886.016    -- Filling invalid ranges in sector buffer (flash cache) for sector @ 0x0001B600 if necessary
T5B28 1294:886.016    -- Filling invalid ranges in sector buffer (flash cache) for sector @ 0x0001B700 if necessary
T5B28 1294:886.016    -- Filling invalid ranges in sector buffer (flash cache) for sector @ 0x0001B800 if necessary
T5B28 1294:886.016    -- Filling invalid ranges in sector buffer (flash cache) for sector @ 0x0001B900 if necessary
T5B28 1294:886.016    -- Filling invalid ranges in sector buffer (flash cache) for sector @ 0x0001BA00 if necessary
T5B28 1294:886.016    -- Filling invalid ranges in sector buffer (flash cache) for sector @ 0x0001BB00 if necessary
T5B28 1294:886.144    -- Filling invalid ranges in sector buffer (flash cache) for sector @ 0x0001BC00 if necessary
T5B28 1294:886.144    -- Filling invalid ranges in sector buffer (flash cache) for sector @ 0x0001BD00 if necessary
T5B28 1294:886.144    -- Filling invalid ranges in sector buffer (flash cache) for sector @ 0x0001BE00 if necessary
T5B28 1294:886.144    -- Filling invalid ranges in sector buffer (flash cache) for sector @ 0x0001BF00 if necessary
T5B28 1294:886.144    -- Filling invalid ranges in sector buffer (flash cache) for sector @ 0x0001C000 if necessary
T5B28 1294:886.144    -- Filling invalid ranges in sector buffer (flash cache) for sector @ 0x0001C100 if necessary
T5B28 1294:886.144    -- Filling invalid ranges in sector buffer (flash cache) for sector @ 0x0001C200 if necessary
T5B28 1294:886.144    -- Filling invalid ranges in sector buffer (flash cache) for sector @ 0x0001C300 if necessary
T5B28 1294:886.144    -- Filling invalid ranges in sector buffer (flash cache) for sector @ 0x0001C400 if necessary
T5B28 1294:886.144    -- Filling invalid ranges in sector buffer (flash cache) for sector @ 0x0001C500 if necessary
T5B28 1294:886.144    -- Filling invalid ranges in sector buffer (flash cache) for sector @ 0x0001C600 if necessary
T5B28 1294:886.144    -- Filling invalid ranges in sector buffer (flash cache) for sector @ 0x0001C700 if necessary
T5B28 1294:886.144    -- Filling invalid ranges in sector buffer (flash cache) for sector @ 0x0001C800 if necessary
T5B28 1294:886.144    -- Filling invalid ranges in sector buffer (flash cache) for sector @ 0x0001C900 if necessary
T5B28 1294:886.144    -- Filling invalid ranges in sector buffer (flash cache) for sector @ 0x0001CA00 if necessary
T5B28 1294:886.144    -- Filling invalid ranges in sector buffer (flash cache) for sector @ 0x0001CB00 if necessary
T5B28 1294:886.144    -- Filling invalid ranges in sector buffer (flash cache) for sector @ 0x0001CC00 if necessary
T5B28 1294:886.144    -- Filling invalid ranges in sector buffer (flash cache) for sector @ 0x0001CD00 if necessary
T5B28 1294:886.144    -- Filling invalid ranges in sector buffer (flash cache) for sector @ 0x0001CE00 if necessary
T5B28 1294:886.144    -- Filling invalid ranges in sector buffer (flash cache) for sector @ 0x0001CF00 if necessary
T5B28 1294:886.144    -- Filling invalid ranges in sector buffer (flash cache) for sector @ 0x0001D000 if necessary
T5B28 1294:886.144    -- Filling invalid ranges in sector buffer (flash cache) for sector @ 0x0001D100 if necessary
T5B28 1294:886.144    -- Filling invalid ranges in sector buffer (flash cache) for sector @ 0x0001D200 if necessary
T5B28 1294:886.144    -- Filling invalid ranges in sector buffer (flash cache) for sector @ 0x0001D300 if necessary
T5B28 1294:886.144    -- Filling invalid ranges in sector buffer (flash cache) for sector @ 0x0001D400 if necessary
T5B28 1294:886.144    -- Filling invalid ranges in sector buffer (flash cache) for sector @ 0x0001D500 if necessary
T5B28 1294:886.144    -- Filling invalid ranges in sector buffer (flash cache) for sector @ 0x0001D600 if necessary
T5B28 1294:886.144    -- Filling invalid ranges in sector buffer (flash cache) for sector @ 0x0001D700 if necessary
T5B28 1294:886.144    -- Filling invalid ranges in sector buffer (flash cache) for sector @ 0x0001D800 if necessary
T5B28 1294:886.144    -- Filling invalid ranges in sector buffer (flash cache) for sector @ 0x0001D900 if necessary
T5B28 1294:886.144    -- Filling invalid ranges in sector buffer (flash cache) for sector @ 0x0001DA00 if necessary
T5B28 1294:886.144    -- Filling invalid ranges in sector buffer (flash cache) for sector @ 0x0001DB00 if necessary
T5B28 1294:886.144    -- Filling invalid ranges in sector buffer (flash cache) for sector @ 0x0001DC00 if necessary
T5B28 1294:886.144    -- Filling invalid ranges in sector buffer (flash cache) for sector @ 0x0001DD00 if necessary
T5B28 1294:886.272    -- Filling invalid ranges in sector buffer (flash cache) for sector @ 0x0001DE00 if necessary
T5B28 1294:886.272    -- Filling invalid ranges in sector buffer (flash cache) for sector @ 0x0001DF00 if necessary
T5B28 1294:886.272    -- Filling invalid ranges in sector buffer (flash cache) for sector @ 0x0001E000 if necessary
T5B28 1294:886.272    -- Filling invalid ranges in sector buffer (flash cache) for sector @ 0x0001E100 if necessary
T5B28 1294:886.272    -- Filling invalid ranges in sector buffer (flash cache) for sector @ 0x0001E200 if necessary
T5B28 1294:886.272    -- Filling invalid ranges in sector buffer (flash cache) for sector @ 0x0001E300 if necessary
T5B28 1294:886.272    -- Filling invalid ranges in sector buffer (flash cache) for sector @ 0x0001E400 if necessary
T5B28 1294:886.272    -- Filling invalid ranges in sector buffer (flash cache) for sector @ 0x0001E500 if necessary
T5B28 1294:886.272    -- Filling invalid ranges in sector buffer (flash cache) for sector @ 0x0001E600 if necessary
T5B28 1294:886.272    -- Filling invalid ranges in sector buffer (flash cache) for sector @ 0x0001E700 if necessary
T5B28 1294:886.272    -- Filling invalid ranges in sector buffer (flash cache) for sector @ 0x0001E800 if necessary
T5B28 1294:886.272    -- Filling invalid ranges in sector buffer (flash cache) for sector @ 0x0001E900 if necessary
T5B28 1294:886.272    -- Filling invalid ranges in sector buffer (flash cache) for sector @ 0x0001EA00 if necessary
T5B28 1294:886.272    -- Filling invalid ranges in sector buffer (flash cache) for sector @ 0x0001EB00 if necessary
T5B28 1294:886.272    -- Filling invalid ranges in sector buffer (flash cache) for sector @ 0x0001EC00 if necessary
T5B28 1294:886.272    -- Filling invalid ranges in sector buffer (flash cache) for sector @ 0x0001ED00 if necessary
T5B28 1294:886.272    -- Filling invalid ranges in sector buffer (flash cache) for sector @ 0x0001EE00 if necessary
T5B28 1294:886.400    -- Filling invalid ranges in sector buffer (flash cache) for sector @ 0x0001EF00 if necessary
T5B28 1294:886.400    -- Filling invalid ranges in sector buffer (flash cache) for sector @ 0x0001F000 if necessary
T5B28 1294:886.400    -- Filling invalid ranges in sector buffer (flash cache) for sector @ 0x0001F100 if necessary
T5B28 1294:886.400    -- Filling invalid ranges in sector buffer (flash cache) for sector @ 0x0001F200 if necessary
T5B28 1294:886.400    -- Filling invalid ranges in sector buffer (flash cache) for sector @ 0x0001F300 if necessary
T5B28 1294:886.400    -- Filling invalid ranges in sector buffer (flash cache) for sector @ 0x0001F400 if necessary
T5B28 1294:886.400    -- Filling invalid ranges in sector buffer (flash cache) for sector @ 0x0001F500 if necessary
T5B28 1294:886.400    -- Filling invalid ranges in sector buffer (flash cache) for sector @ 0x0001F600 if necessary
T5B28 1294:886.400    -- Filling invalid ranges in sector buffer (flash cache) for sector @ 0x0001F700 if necessary
T5B28 1294:886.400    -- Filling invalid ranges in sector buffer (flash cache) for sector @ 0x0001F800 if necessary
T5B28 1294:886.400    -- Filling invalid ranges in sector buffer (flash cache) for sector @ 0x0001F900 if necessary
T5B28 1294:886.400    -- Filling invalid ranges in sector buffer (flash cache) for sector @ 0x0001FA00 if necessary
T5B28 1294:886.400    -- Filling invalid ranges in sector buffer (flash cache) for sector @ 0x0001FB00 if necessary
T5B28 1294:886.400    -- Filling invalid ranges in sector buffer (flash cache) for sector @ 0x0001FC00 if necessary
T5B28 1294:886.400    -- Filling invalid ranges in sector buffer (flash cache) for sector @ 0x0001FD00 if necessary
T5B28 1294:886.400    -- Filling invalid ranges in sector buffer (flash cache) for sector @ 0x0001FE00 if necessary
T5B28 1294:886.400    -- Filling invalid ranges in sector buffer (flash cache) for sector @ 0x0001FF00 if necessary
T5B28 1294:886.528    -- Filling invalid ranges in sector buffer (flash cache) for sector @ 0x00020000 if necessary
T5B28 1294:886.528    -- Filling invalid ranges in sector buffer (flash cache) for sector @ 0x00020100 if necessary
T5B28 1294:886.528    -- Filling invalid ranges in sector buffer (flash cache) for sector @ 0x00020200 if necessary
T5B28 1294:886.528    -- Filling invalid ranges in sector buffer (flash cache) for sector @ 0x00020300 if necessary
T5B28 1294:886.528    -- Filling invalid ranges in sector buffer (flash cache) for sector @ 0x00020400 if necessary
T5B28 1294:886.528    -- Filling invalid ranges in sector buffer (flash cache) for sector @ 0x00020500 if necessary
T5B28 1294:886.528    -- Filling invalid ranges in sector buffer (flash cache) for sector @ 0x00020600 if necessary
T5B28 1294:886.528    -- Filling invalid ranges in sector buffer (flash cache) for sector @ 0x00020700 if necessary
T5B28 1294:886.528    -- Filling invalid ranges in sector buffer (flash cache) for sector @ 0x00020800 if necessary
T5B28 1294:886.528    -- Filling invalid ranges in sector buffer (flash cache) for sector @ 0x00020900 if necessary
T5B28 1294:886.528    -- Filling invalid ranges in sector buffer (flash cache) for sector @ 0x00020A00 if necessary
T5B28 1294:886.528    -- Filling invalid ranges in sector buffer (flash cache) for sector @ 0x00020B00 if necessary
T5B28 1294:886.528    -- Filling invalid ranges in sector buffer (flash cache) for sector @ 0x00020C00 if necessary
T5B28 1294:886.528    -- Filling invalid ranges in sector buffer (flash cache) for sector @ 0x00020D00 if necessary
T5B28 1294:886.656    -- Filling invalid ranges in sector buffer (flash cache) for sector @ 0x00020E00 if necessary
T5B28 1294:886.656    -- Filling invalid ranges in sector buffer (flash cache) for sector @ 0x00020F00 if necessary
T5B28 1294:886.656    -- Filling invalid ranges in sector buffer (flash cache) for sector @ 0x00021000 if necessary
T5B28 1294:886.656    -- Filling invalid ranges in sector buffer (flash cache) for sector @ 0x00021100 if necessary
T5B28 1294:886.656    -- Filling invalid ranges in sector buffer (flash cache) for sector @ 0x00021200 if necessary
T5B28 1294:886.656    -- Filling invalid ranges in sector buffer (flash cache) for sector @ 0x00021300 if necessary
T5B28 1294:886.656    -- Filling invalid ranges in sector buffer (flash cache) for sector @ 0x00021400 if necessary
T5B28 1294:886.656    -- Filling invalid ranges in sector buffer (flash cache) for sector @ 0x00021500 if necessary
T5B28 1294:886.656    -- Filling invalid ranges in sector buffer (flash cache) for sector @ 0x00021600 if necessary
T5B28 1294:886.656    -- Filling invalid ranges in sector buffer (flash cache) for sector @ 0x00021700 if necessary
T5B28 1294:886.656    -- Filling invalid ranges in sector buffer (flash cache) for sector @ 0x00021800 if necessary
T5B28 1294:886.656    -- Filling invalid ranges in sector buffer (flash cache) for sector @ 0x00021900 if necessary
T5B28 1294:886.656    -- Filling invalid ranges in sector buffer (flash cache) for sector @ 0x00021A00 if necessary
T5B28 1294:886.656    -- Filling invalid ranges in sector buffer (flash cache) for sector @ 0x00021B00 if necessary
T5B28 1294:886.656    -- Filling invalid ranges in sector buffer (flash cache) for sector @ 0x00021C00 if necessary
T5B28 1294:886.656    -- Filling invalid ranges in sector buffer (flash cache) for sector @ 0x00021D00 if necessary
T5B28 1294:886.656    -- Filling invalid ranges in sector buffer (flash cache) for sector @ 0x00021E00 if necessary
T5B28 1294:886.784    -- Filling invalid ranges in sector buffer (flash cache) for sector @ 0x00021F00 if necessary
T5B28 1294:886.784    -- Filling invalid ranges in sector buffer (flash cache) for sector @ 0x00022000 if necessary
T5B28 1294:886.784    -- Filling invalid ranges in sector buffer (flash cache) for sector @ 0x00022100 if necessary
T5B28 1294:886.784    -- Filling invalid ranges in sector buffer (flash cache) for sector @ 0x00022200 if necessary
T5B28 1294:886.784    -- Filling invalid ranges in sector buffer (flash cache) for sector @ 0x00022300 if necessary
T5B28 1294:886.784    -- Filling invalid ranges in sector buffer (flash cache) for sector @ 0x00022400 if necessary
T5B28 1294:886.784    -- Filling invalid ranges in sector buffer (flash cache) for sector @ 0x00022500 if necessary
T5B28 1294:886.784    -- Filling invalid ranges in sector buffer (flash cache) for sector @ 0x00022600 if necessary
T5B28 1294:886.784    -- Filling invalid ranges in sector buffer (flash cache) for sector @ 0x00022700 if necessary
T5B28 1294:886.784    -- Filling invalid ranges in sector buffer (flash cache) for sector @ 0x00022800 if necessary
T5B28 1294:886.784    -- Filling invalid ranges in sector buffer (flash cache) for sector @ 0x00022900 if necessary
T5B28 1294:886.784    -- Filling invalid ranges in sector buffer (flash cache) for sector @ 0x00022A00 if necessary
T5B28 1294:886.784    -- Filling invalid ranges in sector buffer (flash cache) for sector @ 0x00022B00 if necessary
T5B28 1294:886.784    -- Filling invalid ranges in sector buffer (flash cache) for sector @ 0x00022C00 if necessary
T5B28 1294:886.784    -- Filling invalid ranges in sector buffer (flash cache) for sector @ 0x00022D00 if necessary
T5B28 1294:886.784    -- Filling invalid ranges in sector buffer (flash cache) for sector @ 0x00022E00 if necessary
T5B28 1294:886.784    -- Filling invalid ranges in sector buffer (flash cache) for sector @ 0x00022F00 if necessary
T5B28 1294:886.784    -- Filling invalid ranges in sector buffer (flash cache) for sector @ 0x00023000 if necessary
T5B28 1294:886.912    -- Filling invalid ranges in sector buffer (flash cache) for sector @ 0x00023100 if necessary
T5B28 1294:886.912    -- Filling invalid ranges in sector buffer (flash cache) for sector @ 0x00023200 if necessary
T5B28 1294:886.912    -- Filling invalid ranges in sector buffer (flash cache) for sector @ 0x00023300 if necessary
T5B28 1294:886.912    -- Filling invalid ranges in sector buffer (flash cache) for sector @ 0x00023400 if necessary
T5B28 1294:886.912    -- Filling invalid ranges in sector buffer (flash cache) for sector @ 0x00023500 if necessary
T5B28 1294:886.912    -- Filling invalid ranges in sector buffer (flash cache) for sector @ 0x00023600 if necessary
T5B28 1294:886.912    -- Filling invalid ranges in sector buffer (flash cache) for sector @ 0x00023700 if necessary
T5B28 1294:886.912    -- Filling invalid ranges in sector buffer (flash cache) for sector @ 0x00023800 if necessary
T5B28 1294:886.912    -- Filling invalid ranges in sector buffer (flash cache) for sector @ 0x00023900 if necessary
T5B28 1294:886.912    -- Filling invalid ranges in sector buffer (flash cache) for sector @ 0x00023A00 if necessary
T5B28 1294:886.912    -- Filling invalid ranges in sector buffer (flash cache) for sector @ 0x00023B00 if necessary
T5B28 1294:886.912    -- Filling invalid ranges in sector buffer (flash cache) for sector @ 0x00023C00 if necessary
T5B28 1294:886.912    -- Filling invalid ranges in sector buffer (flash cache) for sector @ 0x00023D00 if necessary
T5B28 1294:886.912    -- Filling invalid ranges in sector buffer (flash cache) for sector @ 0x00023E00 if necessary
T5B28 1294:886.912    -- Filling invalid ranges in sector buffer (flash cache) for sector @ 0x00023F00 if necessary
T5B28 1294:886.912    -- Filling invalid ranges in sector buffer (flash cache) for sector @ 0x00024000 if necessary
T5B28 1294:887.040    -- Filling invalid ranges in sector buffer (flash cache) for sector @ 0x00024100 if necessary
T5B28 1294:887.040    -- Filling invalid ranges in sector buffer (flash cache) for sector @ 0x00024200 if necessary
T5B28 1294:887.040    -- Filling invalid ranges in sector buffer (flash cache) for sector @ 0x00024300 if necessary
T5B28 1294:887.040    -- Filling invalid ranges in sector buffer (flash cache) for sector @ 0x00024400 if necessary
T5B28 1294:887.040    -- Filling invalid ranges in sector buffer (flash cache) for sector @ 0x00024500 if necessary
T5B28 1294:887.040    -- Filling invalid ranges in sector buffer (flash cache) for sector @ 0x00024600 if necessary
T5B28 1294:887.040    -- Filling invalid ranges in sector buffer (flash cache) for sector @ 0x00024700 if necessary
T5B28 1294:887.040    -- Filling invalid ranges in sector buffer (flash cache) for sector @ 0x00024800 if necessary
T5B28 1294:887.040    -- Filling invalid ranges in sector buffer (flash cache) for sector @ 0x00024900 if necessary
T5B28 1294:887.040    -- Filling invalid ranges in sector buffer (flash cache) for sector @ 0x00024A00 if necessary
T5B28 1294:887.040    -- Filling invalid ranges in sector buffer (flash cache) for sector @ 0x00024B00 if necessary
T5B28 1294:887.040    -- Filling invalid ranges in sector buffer (flash cache) for sector @ 0x00024C00 if necessary
T5B28 1294:887.040    -- Filling invalid ranges in sector buffer (flash cache) for sector @ 0x00024D00 if necessary
T5B28 1294:887.040    -- Filling invalid ranges in sector buffer (flash cache) for sector @ 0x00024E00 if necessary
T5B28 1294:887.040    -- Filling invalid ranges in sector buffer (flash cache) for sector @ 0x00024F00 if necessary
T5B28 1294:887.040    -- Filling invalid ranges in sector buffer (flash cache) for sector @ 0x00025000 if necessary
T5B28 1294:887.040    -- Filling invalid ranges in sector buffer (flash cache) for sector @ 0x00025100 if necessary
T5B28 1294:887.168    -- Filling invalid ranges in sector buffer (flash cache) for sector @ 0x00025200 if necessary
T5B28 1294:887.168    -- Filling invalid ranges in sector buffer (flash cache) for sector @ 0x00025300 if necessary
T5B28 1294:887.168    -- Filling invalid ranges in sector buffer (flash cache) for sector @ 0x00025400 if necessary
T5B28 1294:887.168    -- Filling invalid ranges in sector buffer (flash cache) for sector @ 0x00025500 if necessary
T5B28 1294:887.168    -- Filling invalid ranges in sector buffer (flash cache) for sector @ 0x00025600 if necessary
T5B28 1294:887.168    -- Filling invalid ranges in sector buffer (flash cache) for sector @ 0x00025700 if necessary
T5B28 1294:887.168    -- Filling invalid ranges in sector buffer (flash cache) for sector @ 0x00025800 if necessary
T5B28 1294:887.168    -- Filling invalid ranges in sector buffer (flash cache) for sector @ 0x00025900 if necessary
T5B28 1294:887.168    -- Filling invalid ranges in sector buffer (flash cache) for sector @ 0x00025A00 if necessary
T5B28 1294:887.168    -- Filling invalid ranges in sector buffer (flash cache) for sector @ 0x00025B00 if necessary
T5B28 1294:887.168    -- Filling invalid ranges in sector buffer (flash cache) for sector @ 0x00025C00 if necessary
T5B28 1294:887.168    -- Filling invalid ranges in sector buffer (flash cache) for sector @ 0x00025D00 if necessary
T5B28 1294:887.168    -- Filling invalid ranges in sector buffer (flash cache) for sector @ 0x00025E00 if necessary
T5B28 1294:887.168    -- Filling invalid ranges in sector buffer (flash cache) for sector @ 0x00025F00 if necessary
T5B28 1294:887.168    -- Filling invalid ranges in sector buffer (flash cache) for sector @ 0x00026000 if necessary
T5B28 1294:887.168    -- Filling invalid ranges in sector buffer (flash cache) for sector @ 0x00026100 if necessary
T5B28 1294:887.168    -- Filling invalid ranges in sector buffer (flash cache) for sector @ 0x00026200 if necessary
T5B28 1294:887.168    -- Filling invalid ranges in sector buffer (flash cache) for sector @ 0x00026300 if necessary
T5B28 1294:887.168    -- Filling invalid ranges in sector buffer (flash cache) for sector @ 0x00026400 if necessary
T5B28 1294:887.168    -- Filling invalid ranges in sector buffer (flash cache) for sector @ 0x00026500 if necessary
T5B28 1294:887.168    -- Filling invalid ranges in sector buffer (flash cache) for sector @ 0x00026600 if necessary
T5B28 1294:887.168    -- Filling invalid ranges in sector buffer (flash cache) for sector @ 0x00026700 if necessary
T5B28 1294:887.168    -- Filling invalid ranges in sector buffer (flash cache) for sector @ 0x00026800 if necessary
T5B28 1294:887.168    -- Filling invalid ranges in sector buffer (flash cache) for sector @ 0x00026900 if necessary
T5B28 1294:887.168    -- Filling invalid ranges in sector buffer (flash cache) for sector @ 0x00026A00 if necessary
T5B28 1294:887.168    -- Filling invalid ranges in sector buffer (flash cache) for sector @ 0x00026B00 if necessary
T5B28 1294:887.168    -- Filling invalid ranges in sector buffer (flash cache) for sector @ 0x00026C00 if necessary
T5B28 1294:887.168    -- Filling invalid ranges in sector buffer (flash cache) for sector @ 0x00026D00 if necessary
T5B28 1294:887.168    -- Filling invalid ranges in sector buffer (flash cache) for sector @ 0x00026E00 if necessary
T5B28 1294:887.168    -- Filling invalid ranges in sector buffer (flash cache) for sector @ 0x00026F00 if necessary
T5B28 1294:887.168    -- Filling invalid ranges in sector buffer (flash cache) for sector @ 0x00027000 if necessary
T5B28 1294:887.168    -- Filling invalid ranges in sector buffer (flash cache) for sector @ 0x00027100 if necessary
T5B28 1294:887.168    -- Filling invalid ranges in sector buffer (flash cache) for sector @ 0x00027200 if necessary
T5B28 1294:887.168    -- Filling invalid ranges in sector buffer (flash cache) for sector @ 0x00027300 if necessary
T5B28 1294:887.296    -- Filling invalid ranges in sector buffer (flash cache) for sector @ 0x00027400 if necessary
T5B28 1294:887.296    -- Filling invalid ranges in sector buffer (flash cache) for sector @ 0x00027500 if necessary
T5B28 1294:887.296    -- Filling invalid ranges in sector buffer (flash cache) for sector @ 0x00027600 if necessary
T5B28 1294:887.296    -- Filling invalid ranges in sector buffer (flash cache) for sector @ 0x00027700 if necessary
T5B28 1294:887.296    -- Filling invalid ranges in sector buffer (flash cache) for sector @ 0x00027800 if necessary
T5B28 1294:887.296    -- Filling invalid ranges in sector buffer (flash cache) for sector @ 0x00027900 if necessary
T5B28 1294:887.296    -- Filling invalid ranges in sector buffer (flash cache) for sector @ 0x00027A00 if necessary
T5B28 1294:887.296    -- Filling invalid ranges in sector buffer (flash cache) for sector @ 0x00027B00 if necessary
T5B28 1294:887.296    -- Filling invalid ranges in sector buffer (flash cache) for sector @ 0x00027C00 if necessary
T5B28 1294:887.296    -- Filling invalid ranges in sector buffer (flash cache) for sector @ 0x00027D00 if necessary
T5B28 1294:887.296    -- Filling invalid ranges in sector buffer (flash cache) for sector @ 0x00027E00 if necessary
T5B28 1294:887.296    -- Filling invalid ranges in sector buffer (flash cache) for sector @ 0x00027F00 if necessary
T5B28 1294:887.296    -- Filling invalid ranges in sector buffer (flash cache) for sector @ 0x00028000 if necessary
T5B28 1294:887.296    -- Filling invalid ranges in sector buffer (flash cache) for sector @ 0x00028100 if necessary
T5B28 1294:887.296    -- Filling invalid ranges in sector buffer (flash cache) for sector @ 0x00028200 if necessary
T5B28 1294:887.296    -- Filling invalid ranges in sector buffer (flash cache) for sector @ 0x00028300 if necessary
T5B28 1294:887.296    -- Filling invalid ranges in sector buffer (flash cache) for sector @ 0x00028400 if necessary
T5B28 1294:887.424    -- Filling invalid ranges in sector buffer (flash cache) for sector @ 0x00028500 if necessary
T5B28 1294:887.424    -- Filling invalid ranges in sector buffer (flash cache) for sector @ 0x00028600 if necessary
T5B28 1294:887.424    -- Filling invalid ranges in sector buffer (flash cache) for sector @ 0x00028700 if necessary
T5B28 1294:887.424    -- Filling invalid ranges in sector buffer (flash cache) for sector @ 0x00028800 if necessary
T5B28 1294:887.424    -- Filling invalid ranges in sector buffer (flash cache) for sector @ 0x00028900 if necessary
T5B28 1294:887.424    -- Filling invalid ranges in sector buffer (flash cache) for sector @ 0x00028A00 if necessary
T5B28 1294:887.424    -- Filling invalid ranges in sector buffer (flash cache) for sector @ 0x00028B00 if necessary
T5B28 1294:887.424    -- Filling invalid ranges in sector buffer (flash cache) for sector @ 0x00028C00 if necessary
T5B28 1294:887.424    -- Filling invalid ranges in sector buffer (flash cache) for sector @ 0x00028D00 if necessary
T5B28 1294:887.424    -- Filling invalid ranges in sector buffer (flash cache) for sector @ 0x00028E00 if necessary
T5B28 1294:887.424    -- Filling invalid ranges in sector buffer (flash cache) for sector @ 0x00028F00 if necessary
T5B28 1294:887.424    -- Filling invalid ranges in sector buffer (flash cache) for sector @ 0x00029000 if necessary
T5B28 1294:887.424    -- Filling invalid ranges in sector buffer (flash cache) for sector @ 0x00029100 if necessary
T5B28 1294:887.424    -- Filling invalid ranges in sector buffer (flash cache) for sector @ 0x00029200 if necessary
T5B28 1294:887.424    -- Filling invalid ranges in sector buffer (flash cache) for sector @ 0x00029300 if necessary
T5B28 1294:887.424    -- Filling invalid ranges in sector buffer (flash cache) for sector @ 0x00029400 if necessary
T5B28 1294:887.424    -- Filling invalid ranges in sector buffer (flash cache) for sector @ 0x00029500 if necessary
T5B28 1294:887.552    -- Filling invalid ranges in sector buffer (flash cache) for sector @ 0x00029600 if necessary
T5B28 1294:887.552    -- Filling invalid ranges in sector buffer (flash cache) for sector @ 0x00029700 if necessary
T5B28 1294:887.552    -- Filling invalid ranges in sector buffer (flash cache) for sector @ 0x00029800 if necessary
T5B28 1294:887.552    -- Filling invalid ranges in sector buffer (flash cache) for sector @ 0x00029900 if necessary
T5B28 1294:887.552    -- Filling invalid ranges in sector buffer (flash cache) for sector @ 0x00029A00 if necessary
T5B28 1294:887.552    -- Filling invalid ranges in sector buffer (flash cache) for sector @ 0x00029B00 if necessary
T5B28 1294:887.552    -- Filling invalid ranges in sector buffer (flash cache) for sector @ 0x00029C00 if necessary
T5B28 1294:887.552    -- Filling invalid ranges in sector buffer (flash cache) for sector @ 0x00029D00 if necessary
T5B28 1294:887.552    -- Filling invalid ranges in sector buffer (flash cache) for sector @ 0x00029E00 if necessary
T5B28 1294:887.552    -- Filling invalid ranges in sector buffer (flash cache) for sector @ 0x00029F00 if necessary
T5B28 1294:887.552    -- Filling invalid ranges in sector buffer (flash cache) for sector @ 0x0002A000 if necessary
T5B28 1294:887.552    -- Filling invalid ranges in sector buffer (flash cache) for sector @ 0x0002A100 if necessary
T5B28 1294:887.552    -- Filling invalid ranges in sector buffer (flash cache) for sector @ 0x0002A200 if necessary
T5B28 1294:887.552    -- Filling invalid ranges in sector buffer (flash cache) for sector @ 0x0002A300 if necessary
T5B28 1294:887.552    -- Filling invalid ranges in sector buffer (flash cache) for sector @ 0x0002A400 if necessary
T5B28 1294:887.552    -- Filling invalid ranges in sector buffer (flash cache) for sector @ 0x0002A500 if necessary
T5B28 1294:887.552    -- Filling invalid ranges in sector buffer (flash cache) for sector @ 0x0002A600 if necessary
T5B28 1294:887.680    -- Filling invalid ranges in sector buffer (flash cache) for sector @ 0x0002A700 if necessary
T5B28 1294:887.680    -- Filling invalid ranges in sector buffer (flash cache) for sector @ 0x0002A800 if necessary
T5B28 1294:887.680    -- Filling invalid ranges in sector buffer (flash cache) for sector @ 0x0002A900 if necessary
T5B28 1294:887.680    -- Filling invalid ranges in sector buffer (flash cache) for sector @ 0x0002AA00 if necessary
T5B28 1294:887.680    -- Filling invalid ranges in sector buffer (flash cache) for sector @ 0x0002AB00 if necessary
T5B28 1294:887.680    -- Filling invalid ranges in sector buffer (flash cache) for sector @ 0x0002AC00 if necessary
T5B28 1294:887.680    -- Filling invalid ranges in sector buffer (flash cache) for sector @ 0x0002AD00 if necessary
T5B28 1294:887.680    -- Filling invalid ranges in sector buffer (flash cache) for sector @ 0x0002AE00 if necessary
T5B28 1294:887.680    -- Filling invalid ranges in sector buffer (flash cache) for sector @ 0x0002AF00 if necessary
T5B28 1294:887.808    -- Filling invalid ranges in sector buffer (flash cache) for sector @ 0x0002B000 if necessary
T5B28 1294:887.808    -- Filling invalid ranges in sector buffer (flash cache) for sector @ 0x0002B100 if necessary
T5B28 1294:887.808    -- Filling invalid ranges in sector buffer (flash cache) for sector @ 0x0002B200 if necessary
T5B28 1294:887.808    -- Filling invalid ranges in sector buffer (flash cache) for sector @ 0x0002B300 if necessary
T5B28 1294:887.808    -- Filling invalid ranges in sector buffer (flash cache) for sector @ 0x0002B400 if necessary
T5B28 1294:887.808    -- Filling invalid ranges in sector buffer (flash cache) for sector @ 0x0002B500 if necessary
T5B28 1294:887.808    -- Filling invalid ranges in sector buffer (flash cache) for sector @ 0x0002B600 if necessary
T5B28 1294:887.808    -- Filling invalid ranges in sector buffer (flash cache) for sector @ 0x0002B700 if necessary
T5B28 1294:887.808    -- Filling invalid ranges in sector buffer (flash cache) for sector @ 0x0002B800 if necessary
T5B28 1294:887.808    -- Filling invalid ranges in sector buffer (flash cache) for sector @ 0x0002B900 if necessary
T5B28 1294:887.808    -- Filling invalid ranges in sector buffer (flash cache) for sector @ 0x0002BA00 if necessary
T5B28 1294:887.808    -- Filling invalid ranges in sector buffer (flash cache) for sector @ 0x0002BB00 if necessary
T5B28 1294:887.808    -- Filling invalid ranges in sector buffer (flash cache) for sector @ 0x0002BC00 if necessary
T5B28 1294:887.808    -- Filling invalid ranges in sector buffer (flash cache) for sector @ 0x0002BD00 if necessary
T5B28 1294:887.808    -- Filling invalid ranges in sector buffer (flash cache) for sector @ 0x0002BE00 if necessary
T5B28 1294:887.936    -- Filling invalid ranges in sector buffer (flash cache) for sector @ 0x0002BF00 if necessary
T5B28 1294:887.936    -- Filling invalid ranges in sector buffer (flash cache) for sector @ 0x0002C000 if necessary
T5B28 1294:887.936    -- Filling invalid ranges in sector buffer (flash cache) for sector @ 0x0002C100 if necessary
T5B28 1294:887.936    -- Filling invalid ranges in sector buffer (flash cache) for sector @ 0x0002C200 if necessary
T5B28 1294:887.936    -- Filling invalid ranges in sector buffer (flash cache) for sector @ 0x0002C300 if necessary
T5B28 1294:887.936    -- Filling invalid ranges in sector buffer (flash cache) for sector @ 0x0002C400 if necessary
T5B28 1294:887.936    -- Filling invalid ranges in sector buffer (flash cache) for sector @ 0x0002C500 if necessary
T5B28 1294:887.936    -- Filling invalid ranges in sector buffer (flash cache) for sector @ 0x0002C600 if necessary
T5B28 1294:887.936    -- Filling invalid ranges in sector buffer (flash cache) for sector @ 0x0002C700 if necessary
T5B28 1294:887.936    -- Filling invalid ranges in sector buffer (flash cache) for sector @ 0x0002C800 if necessary
T5B28 1294:887.936    -- Filling invalid ranges in sector buffer (flash cache) for sector @ 0x0002C900 if necessary
T5B28 1294:887.936    -- Filling invalid ranges in sector buffer (flash cache) for sector @ 0x0002CA00 if necessary
T5B28 1294:887.936    -- Filling invalid ranges in sector buffer (flash cache) for sector @ 0x0002CB00 if necessary
T5B28 1294:888.064    -- Filling invalid ranges in sector buffer (flash cache) for sector @ 0x0002CC00 if necessary
T5B28 1294:888.064    -- Filling invalid ranges in sector buffer (flash cache) for sector @ 0x0002CD00 if necessary
T5B28 1294:888.064    -- Filling invalid ranges in sector buffer (flash cache) for sector @ 0x0002CE00 if necessary
T5B28 1294:888.064    -- Filling invalid ranges in sector buffer (flash cache) for sector @ 0x0002CF00 if necessary
T5B28 1294:888.064    -- Filling invalid ranges in sector buffer (flash cache) for sector @ 0x0002D000 if necessary
T5B28 1294:888.064    -- Filling invalid ranges in sector buffer (flash cache) for sector @ 0x0002D100 if necessary
T5B28 1294:888.064    -- Filling invalid ranges in sector buffer (flash cache) for sector @ 0x0002D200 if necessary
T5B28 1294:888.064    -- Filling invalid ranges in sector buffer (flash cache) for sector @ 0x0002D300 if necessary
T5B28 1294:888.064    -- Filling invalid ranges in sector buffer (flash cache) for sector @ 0x0002D400 if necessary
T5B28 1294:888.064    -- Filling invalid ranges in sector buffer (flash cache) for sector @ 0x0002D500 if necessary
T5B28 1294:888.064    -- Filling invalid ranges in sector buffer (flash cache) for sector @ 0x0002D600 if necessary
T5B28 1294:888.064    -- Filling invalid ranges in sector buffer (flash cache) for sector @ 0x0002D700 if necessary
T5B28 1294:888.064    -- Filling invalid ranges in sector buffer (flash cache) for sector @ 0x0002D800 if necessary
T5B28 1294:888.064    -- Filling invalid ranges in sector buffer (flash cache) for sector @ 0x0002D900 if necessary
T5B28 1294:888.064    -- Filling invalid ranges in sector buffer (flash cache) for sector @ 0x0002DA00 if necessary
T5B28 1294:888.064    -- Filling invalid ranges in sector buffer (flash cache) for sector @ 0x0002DB00 if necessary
T5B28 1294:888.192    -- Filling invalid ranges in sector buffer (flash cache) for sector @ 0x0002DC00 if necessary
T5B28 1294:888.192    -- Filling invalid ranges in sector buffer (flash cache) for sector @ 0x0002DD00 if necessary
T5B28 1294:888.192    -- Filling invalid ranges in sector buffer (flash cache) for sector @ 0x0002DE00 if necessary
T5B28 1294:888.192    -- Filling invalid ranges in sector buffer (flash cache) for sector @ 0x0002DF00 if necessary
T5B28 1294:888.192    -- Filling invalid ranges in sector buffer (flash cache) for sector @ 0x0002E000 if necessary
T5B28 1294:888.192    -- Filling invalid ranges in sector buffer (flash cache) for sector @ 0x0002E100 if necessary
T5B28 1294:888.192    -- Filling invalid ranges in sector buffer (flash cache) for sector @ 0x0002E200 if necessary
T5B28 1294:888.192    -- Filling invalid ranges in sector buffer (flash cache) for sector @ 0x0002E300 if necessary
T5B28 1294:888.192    -- Filling invalid ranges in sector buffer (flash cache) for sector @ 0x0002E400 if necessary
T5B28 1294:888.192    -- Filling invalid ranges in sector buffer (flash cache) for sector @ 0x0002E500 if necessary
T5B28 1294:888.192    -- Filling invalid ranges in sector buffer (flash cache) for sector @ 0x0002E600 if necessary
T5B28 1294:888.192    -- Filling invalid ranges in sector buffer (flash cache) for sector @ 0x0002E700 if necessary
T5B28 1294:888.192    -- Filling invalid ranges in sector buffer (flash cache) for sector @ 0x0002E800 if necessary
T5B28 1294:888.192    -- Filling invalid ranges in sector buffer (flash cache) for sector @ 0x0002E900 if necessary
T5B28 1294:888.192    -- Filling invalid ranges in sector buffer (flash cache) for sector @ 0x0002EA00 if necessary
T5B28 1294:888.192    -- Filling invalid ranges in sector buffer (flash cache) for sector @ 0x0002EB00 if necessary
T5B28 1294:888.192    -- Filling invalid ranges in sector buffer (flash cache) for sector @ 0x0002EC00 if necessary
T5B28 1294:888.192    -- Filling invalid ranges in sector buffer (flash cache) for sector @ 0x0002ED00 if necessary
T5B28 1294:888.192    -- Filling invalid ranges in sector buffer (flash cache) for sector @ 0x0002EE00 if necessary
T5B28 1294:888.192    -- Filling invalid ranges in sector buffer (flash cache) for sector @ 0x0002EF00 if necessary
T5B28 1294:888.192    -- Filling invalid ranges in sector buffer (flash cache) for sector @ 0x0002F000 if necessary
T5B28 1294:888.192    -- Filling invalid ranges in sector buffer (flash cache) for sector @ 0x0002F100 if necessary
T5B28 1294:888.192    -- Filling invalid ranges in sector buffer (flash cache) for sector @ 0x0002F200 if necessary
T5B28 1294:888.192    -- Filling invalid ranges in sector buffer (flash cache) for sector @ 0x0002F300 if necessary
T5B28 1294:888.192    -- Filling invalid ranges in sector buffer (flash cache) for sector @ 0x0002F400 if necessary
T5B28 1294:888.192    -- Filling invalid ranges in sector buffer (flash cache) for sector @ 0x0002F500 if necessary
T5B28 1294:888.192    -- Filling invalid ranges in sector buffer (flash cache) for sector @ 0x0002F600 if necessary
T5B28 1294:888.192    -- Filling invalid ranges in sector buffer (flash cache) for sector @ 0x0002F700 if necessary
T5B28 1294:888.192    -- Filling invalid ranges in sector buffer (flash cache) for sector @ 0x0002F800 if necessary
T5B28 1294:888.192    -- Filling invalid ranges in sector buffer (flash cache) for sector @ 0x0002F900 if necessary
T5B28 1294:888.192    -- Filling invalid ranges in sector buffer (flash cache) for sector @ 0x0002FA00 if necessary
T5B28 1294:888.320    -- Filling invalid ranges in sector buffer (flash cache) for sector @ 0x0002FB00 if necessary
T5B28 1294:888.320    -- Filling invalid ranges in sector buffer (flash cache) for sector @ 0x0002FC00 if necessary
T5B28 1294:888.320    -- Filling invalid ranges in sector buffer (flash cache) for sector @ 0x0002FD00 if necessary
T5B28 1294:888.320    -- Filling invalid ranges in sector buffer (flash cache) for sector @ 0x0002FE00 if necessary
T5B28 1294:888.320    -- Filling invalid ranges in sector buffer (flash cache) for sector @ 0x0002FF00 if necessary
T5B28 1294:888.320    -- Filling invalid ranges in sector buffer (flash cache) for sector @ 0x00030000 if necessary
T5B28 1294:888.320    -- Filling invalid ranges in sector buffer (flash cache) for sector @ 0x00030100 if necessary
T5B28 1294:888.320    -- Filling invalid ranges in sector buffer (flash cache) for sector @ 0x00030200 if necessary
T5B28 1294:888.320    -- Filling invalid ranges in sector buffer (flash cache) for sector @ 0x00030300 if necessary
T5B28 1294:888.320    -- Filling invalid ranges in sector buffer (flash cache) for sector @ 0x00030400 if necessary
T5B28 1294:888.320    -- Filling invalid ranges in sector buffer (flash cache) for sector @ 0x00030500 if necessary
T5B28 1294:888.320    -- Filling invalid ranges in sector buffer (flash cache) for sector @ 0x00030600 if necessary
T5B28 1294:888.320    -- Filling invalid ranges in sector buffer (flash cache) for sector @ 0x00030700 if necessary
T5B28 1294:888.320    -- Filling invalid ranges in sector buffer (flash cache) for sector @ 0x00030800 if necessary
T5B28 1294:888.320    -- Filling invalid ranges in sector buffer (flash cache) for sector @ 0x00030900 if necessary
T5B28 1294:888.320    -- Filling invalid ranges in sector buffer (flash cache) for sector @ 0x00030A00 if necessary
T5B28 1294:888.448    -- Filling invalid ranges in sector buffer (flash cache) for sector @ 0x00030B00 if necessary
T5B28 1294:888.448    -- Filling invalid ranges in sector buffer (flash cache) for sector @ 0x00030C00 if necessary
T5B28 1294:888.448    -- Filling invalid ranges in sector buffer (flash cache) for sector @ 0x00030D00 if necessary
T5B28 1294:888.448    -- Filling invalid ranges in sector buffer (flash cache) for sector @ 0x00030E00 if necessary
T5B28 1294:888.448    -- Filling invalid ranges in sector buffer (flash cache) for sector @ 0x00030F00 if necessary
T5B28 1294:888.448    -- Filling invalid ranges in sector buffer (flash cache) for sector @ 0x00031000 if necessary
T5B28 1294:888.448    -- Filling invalid ranges in sector buffer (flash cache) for sector @ 0x00031100 if necessary
T5B28 1294:888.448    -- Filling invalid ranges in sector buffer (flash cache) for sector @ 0x00031200 if necessary
T5B28 1294:888.448    -- Filling invalid ranges in sector buffer (flash cache) for sector @ 0x00031300 if necessary
T5B28 1294:888.448    -- Filling invalid ranges in sector buffer (flash cache) for sector @ 0x00031400 if necessary
T5B28 1294:888.448    -- Filling invalid ranges in sector buffer (flash cache) for sector @ 0x00031500 if necessary
T5B28 1294:888.448    -- Filling invalid ranges in sector buffer (flash cache) for sector @ 0x00031600 if necessary
T5B28 1294:888.448    -- Filling invalid ranges in sector buffer (flash cache) for sector @ 0x00031700 if necessary
T5B28 1294:888.448    -- Filling invalid ranges in sector buffer (flash cache) for sector @ 0x00031800 if necessary
T5B28 1294:888.448    -- Filling invalid ranges in sector buffer (flash cache) for sector @ 0x00031900 if necessary
T5B28 1294:888.448    -- Filling invalid ranges in sector buffer (flash cache) for sector @ 0x00031A00 if necessary
T5B28 1294:888.576    -- Filling invalid ranges in sector buffer (flash cache) for sector @ 0x00031B00 if necessary
T5B28 1294:888.576    -- Filling invalid ranges in sector buffer (flash cache) for sector @ 0x00031C00 if necessary
T5B28 1294:888.576    -- Filling invalid ranges in sector buffer (flash cache) for sector @ 0x00031D00 if necessary
T5B28 1294:888.576    -- Filling invalid ranges in sector buffer (flash cache) for sector @ 0x00031E00 if necessary
T5B28 1294:888.576    -- Filling invalid ranges in sector buffer (flash cache) for sector @ 0x00031F00 if necessary
T5B28 1294:888.576    -- Filling invalid ranges in sector buffer (flash cache) for sector @ 0x00032000 if necessary
T5B28 1294:888.576    -- Filling invalid ranges in sector buffer (flash cache) for sector @ 0x00032100 if necessary
T5B28 1294:888.576    -- Filling invalid ranges in sector buffer (flash cache) for sector @ 0x00032200 if necessary
T5B28 1294:888.576    -- Filling invalid ranges in sector buffer (flash cache) for sector @ 0x00032300 if necessary
T5B28 1294:888.576    -- Filling invalid ranges in sector buffer (flash cache) for sector @ 0x00032400 if necessary
T5B28 1294:888.576    -- Filling invalid ranges in sector buffer (flash cache) for sector @ 0x00032500 if necessary
T5B28 1294:888.704    -- Filling invalid ranges in sector buffer (flash cache) for sector @ 0x00032600 if necessary
T5B28 1294:888.704    -- Filling invalid ranges in sector buffer (flash cache) for sector @ 0x00032700 if necessary
T5B28 1294:888.704    -- Filling invalid ranges in sector buffer (flash cache) for sector @ 0x00032800 if necessary
T5B28 1294:888.704    -- Filling invalid ranges in sector buffer (flash cache) for sector @ 0x00032900 if necessary
T5B28 1294:888.704    -- Filling invalid ranges in sector buffer (flash cache) for sector @ 0x00032A00 if necessary
T5B28 1294:888.704    -- Filling invalid ranges in sector buffer (flash cache) for sector @ 0x00032B00 if necessary
T5B28 1294:888.704    -- Filling invalid ranges in sector buffer (flash cache) for sector @ 0x00032C00 if necessary
T5B28 1294:888.704    -- Filling invalid ranges in sector buffer (flash cache) for sector @ 0x00032D00 if necessary
T5B28 1294:888.832    -- Filling invalid ranges in sector buffer (flash cache) for sector @ 0x00032E00 if necessary
T5B28 1294:888.832    -- Filling invalid ranges in sector buffer (flash cache) for sector @ 0x00032F00 if necessary
T5B28 1294:888.832    -- Filling invalid ranges in sector buffer (flash cache) for sector @ 0x00033000 if necessary
T5B28 1294:888.832    -- Filling invalid ranges in sector buffer (flash cache) for sector @ 0x00033100 if necessary
T5B28 1294:888.832    -- Filling invalid ranges in sector buffer (flash cache) for sector @ 0x00033200 if necessary
T5B28 1294:888.832    -- Filling invalid ranges in sector buffer (flash cache) for sector @ 0x00033300 if necessary
T5B28 1294:888.832    -- Filling invalid ranges in sector buffer (flash cache) for sector @ 0x00033400 if necessary
T5B28 1294:888.832    -- Filling invalid ranges in sector buffer (flash cache) for sector @ 0x00033500 if necessary
T5B28 1294:888.832    -- Filling invalid ranges in sector buffer (flash cache) for sector @ 0x00033600 if necessary
T5B28 1294:888.832    -- Filling invalid ranges in sector buffer (flash cache) for sector @ 0x00033700 if necessary
T5B28 1294:888.832    -- Filling invalid ranges in sector buffer (flash cache) for sector @ 0x00033800 if necessary
T5B28 1294:888.832    -- Filling invalid ranges in sector buffer (flash cache) for sector @ 0x00033900 if necessary
T5B28 1294:888.832    -- Filling invalid ranges in sector buffer (flash cache) for sector @ 0x00033A00 if necessary
T5B28 1294:888.832    -- Filling invalid ranges in sector buffer (flash cache) for sector @ 0x00033B00 if necessary
T5B28 1294:888.832    -- Filling invalid ranges in sector buffer (flash cache) for sector @ 0x00033C00 if necessary
T5B28 1294:888.832    -- Filling invalid ranges in sector buffer (flash cache) for sector @ 0x00033D00 if necessary
T5B28 1294:888.832    -- Filling invalid ranges in sector buffer (flash cache) for sector @ 0x00033E00 if necessary
T5B28 1294:888.960    -- Filling invalid ranges in sector buffer (flash cache) for sector @ 0x00033F00 if necessary
T5B28 1294:888.960    -- Filling invalid ranges in sector buffer (flash cache) for sector @ 0x00034000 if necessary
T5B28 1294:888.960    -- Filling invalid ranges in sector buffer (flash cache) for sector @ 0x00034100 if necessary
T5B28 1294:888.960    -- Filling invalid ranges in sector buffer (flash cache) for sector @ 0x00034200 if necessary
T5B28 1294:888.960    -- Filling invalid ranges in sector buffer (flash cache) for sector @ 0x00034300 if necessary
T5B28 1294:888.960    -- Filling invalid ranges in sector buffer (flash cache) for sector @ 0x00034400 if necessary
T5B28 1294:888.960    -- Filling invalid ranges in sector buffer (flash cache) for sector @ 0x00034500 if necessary
T5B28 1294:888.960    -- Filling invalid ranges in sector buffer (flash cache) for sector @ 0x00034600 if necessary
T5B28 1294:888.960    -- Filling invalid ranges in sector buffer (flash cache) for sector @ 0x00034700 if necessary
T5B28 1294:888.960    -- Filling invalid ranges in sector buffer (flash cache) for sector @ 0x00034800 if necessary
T5B28 1294:888.960    -- Filling invalid ranges in sector buffer (flash cache) for sector @ 0x00034900 if necessary
T5B28 1294:888.960    -- Filling invalid ranges in sector buffer (flash cache) for sector @ 0x00034A00 if necessary
T5B28 1294:888.960    -- Filling invalid ranges in sector buffer (flash cache) for sector @ 0x00034B00 if necessary
T5B28 1294:888.960    -- Filling invalid ranges in sector buffer (flash cache) for sector @ 0x00034C00 if necessary
T5B28 1294:888.960    -- Filling invalid ranges in sector buffer (flash cache) for sector @ 0x00034D00 if necessary
T5B28 1294:888.960    -- Filling invalid ranges in sector buffer (flash cache) for sector @ 0x00034E00 if necessary
T5B28 1294:889.088    -- Filling invalid ranges in sector buffer (flash cache) for sector @ 0x00034F00 if necessary
T5B28 1294:889.088    -- Filling invalid ranges in sector buffer (flash cache) for sector @ 0x00035000 if necessary
T5B28 1294:889.088    -- Filling invalid ranges in sector buffer (flash cache) for sector @ 0x00035100 if necessary
T5B28 1294:889.088    -- Filling invalid ranges in sector buffer (flash cache) for sector @ 0x00035200 if necessary
T5B28 1294:889.088    -- Filling invalid ranges in sector buffer (flash cache) for sector @ 0x00035300 if necessary
T5B28 1294:889.088    -- Filling invalid ranges in sector buffer (flash cache) for sector @ 0x00035400 if necessary
T5B28 1294:889.088    -- Filling invalid ranges in sector buffer (flash cache) for sector @ 0x00035500 if necessary
T5B28 1294:889.088    -- Filling invalid ranges in sector buffer (flash cache) for sector @ 0x00035600 if necessary
T5B28 1294:889.088    -- Filling invalid ranges in sector buffer (flash cache) for sector @ 0x00035700 if necessary
T5B28 1294:889.088    -- Filling invalid ranges in sector buffer (flash cache) for sector @ 0x00035800 if necessary
T5B28 1294:889.088    -- Filling invalid ranges in sector buffer (flash cache) for sector @ 0x00035900 if necessary
T5B28 1294:889.088    -- Filling invalid ranges in sector buffer (flash cache) for sector @ 0x00035A00 if necessary
T5B28 1294:889.088    -- Filling invalid ranges in sector buffer (flash cache) for sector @ 0x00035B00 if necessary
T5B28 1294:889.088    -- Filling invalid ranges in sector buffer (flash cache) for sector @ 0x00035C00 if necessary
T5B28 1294:889.088    -- Filling invalid ranges in sector buffer (flash cache) for sector @ 0x00035D00 if necessary
T5B28 1294:889.088    -- Filling invalid ranges in sector buffer (flash cache) for sector @ 0x00035E00 if necessary
T5B28 1294:889.088    -- Filling invalid ranges in sector buffer (flash cache) for sector @ 0x00035F00 if necessary
T5B28 1294:889.216    -- Filling invalid ranges in sector buffer (flash cache) for sector @ 0x00036000 if necessary
T5B28 1294:889.216    -- Filling invalid ranges in sector buffer (flash cache) for sector @ 0x00036100 if necessary
T5B28 1294:889.216    -- Filling invalid ranges in sector buffer (flash cache) for sector @ 0x00036200 if necessary
T5B28 1294:889.216    -- Filling invalid ranges in sector buffer (flash cache) for sector @ 0x00036300 if necessary
T5B28 1294:889.216    -- Filling invalid ranges in sector buffer (flash cache) for sector @ 0x00036400 if necessary
T5B28 1294:889.216    -- Filling invalid ranges in sector buffer (flash cache) for sector @ 0x00036500 if necessary
T5B28 1294:889.216    -- Filling invalid ranges in sector buffer (flash cache) for sector @ 0x00036600 if necessary
T5B28 1294:889.216    -- Filling invalid ranges in sector buffer (flash cache) for sector @ 0x00036700 if necessary
T5B28 1294:889.216    -- Filling invalid ranges in sector buffer (flash cache) for sector @ 0x00036800 if necessary
T5B28 1294:889.216    -- Filling invalid ranges in sector buffer (flash cache) for sector @ 0x00036900 if necessary
T5B28 1294:889.216    -- Filling invalid ranges in sector buffer (flash cache) for sector @ 0x00036A00 if necessary
T5B28 1294:889.216    -- Filling invalid ranges in sector buffer (flash cache) for sector @ 0x00036B00 if necessary
T5B28 1294:889.216    -- Filling invalid ranges in sector buffer (flash cache) for sector @ 0x00036C00 if necessary
T5B28 1294:889.216    -- Filling invalid ranges in sector buffer (flash cache) for sector @ 0x00036D00 if necessary
T5B28 1294:889.216    -- Filling invalid ranges in sector buffer (flash cache) for sector @ 0x00036E00 if necessary
T5B28 1294:889.216    -- Filling invalid ranges in sector buffer (flash cache) for sector @ 0x00036F00 if necessary
T5B28 1294:889.216    -- Filling invalid ranges in sector buffer (flash cache) for sector @ 0x00037000 if necessary
T5B28 1294:889.216    -- Filling invalid ranges in sector buffer (flash cache) for sector @ 0x00037100 if necessary
T5B28 1294:889.216    -- Filling invalid ranges in sector buffer (flash cache) for sector @ 0x00037200 if necessary
T5B28 1294:889.216    -- Filling invalid ranges in sector buffer (flash cache) for sector @ 0x00037300 if necessary
T5B28 1294:889.216    -- Filling invalid ranges in sector buffer (flash cache) for sector @ 0x00037400 if necessary
T5B28 1294:889.216    -- Filling invalid ranges in sector buffer (flash cache) for sector @ 0x00037500 if necessary
T5B28 1294:889.216    -- Filling invalid ranges in sector buffer (flash cache) for sector @ 0x00037600 if necessary
T5B28 1294:889.216    -- Filling invalid ranges in sector buffer (flash cache) for sector @ 0x00037700 if necessary
T5B28 1294:889.216    -- Filling invalid ranges in sector buffer (flash cache) for sector @ 0x00037800 if necessary
T5B28 1294:889.216    -- End of determining dirty areas
T5B28 1294:889.216    -- Start of preparing flash programming
T5B28 1294:889.216    -- Calculating RAM usage
T5B28 1294:889.216    -- RAM usage = 10052 Bytes
T5B28 1294:889.216    -- Preserving CPU registers
T5B28 1294:889.216    -- Preparing target
T5B28 1294:889.216    -- Preserving target RAM temporarily used for programming
T5B28 1294:942.464    -- Downloading RAMCode
T5B28 1294:958.592    -- Preparing RAMCode
T5B28 1294:964.352    -- End of preparing flash programming
T5B28 1294:965.504    -- CPU speed could not be measured.
T5B28 1294:965.504    -- Start of comparing flash
T5B28 1294:965.504    -- CRC check was estimated as fastest method
T5B28 1295:001.472    -- Comparing range 0x12000 - 0x31FFF (512 Sectors, 128 KB), using multi-block CRC calculation
T5B28 1295:049.600    -- CRC does not match for sectors 0-511
T5B28 1295:049.856    -- Comparing range 0x32000 - 0x378FF (89 Sectors, 22 KB), using multi-block CRC calculation
T5B28 1295:061.760    -- CRC does not match for sectors 0-88
T5B28 1295:061.760    -- End of comparing flash
T5B28 1295:061.760    -- Start of erasing sectors
T5B28 1295:061.760    -- Erasing range 0x00012000 - 0x00031FFF (512 Sectors, 128 KB)
T5B28 1295:543.552    -- Erasing range 0x00032000 - 0x000378FF ( 89 Sectors, 22 KB)
T5B28 1295:626.624    -- End of erasing sectors
T5B28 1295:626.624    -- Start of flash programming
T5B28 1295:626.624    -- Programming range 0x00012000 - 0x00019FFF (128 Sectors, 32 KB)
T5B28 1295:784.960    -- Programming range 0x0001A000 - 0x00021FFF (128 Sectors, 32 KB)
T5B28 1295:965.824    -- Programming range 0x00022000 - 0x00029FFF (128 Sectors, 32 KB)
T5B28 1296:144.128    -- Programming range 0x0002A000 - 0x00031FFF (128 Sectors, 32 KB)
T5B28 1296:323.328    -- Programming range 0x00032000 - 0x000378FF ( 89 Sectors, 22 KB)
T5B28 1296:457.472    -- End of flash programming
T5B28 1296:457.472    -- 0x12000 - 0x378FF (601 Sectors, 150 KB)
T5B28 1296:457.472    -- Start of restoring
T5B28 1296:457.472    -- Restoring RAMCode
T5B28 1296:486.144    -- Restoring target memory
T5B28 1296:535.424    -- Restore target
T5B28 1296:535.424    -- Restoring CPU registers
T5B28 1296:535.424    -- End of restoring
T5B28 1296:535.552    -- Bank 0 @ 0x00000000: 1 range affected (153856 bytes)
T5B28 1296:535.552    -- Total: 1.646s (Prepare: 0.076s, Compare: 0.096s, Erase: 0.564s, Program & Verify: 0.855s, Restore: 0.052s)
T5B28 1296:535.552    -- Program & Verify speed: 175 KB/s
T5B28 1296:545.536 - 1661.227ms returns 153856 (0x25900)
T5B28 1296:545.664 JLINK_ResetPullsRESET(ON)
T5B28 1296:545.664 - 0.014ms
T5B28 1296:545.664 JLINK_ResetNoHalt()
T5B28 1296:546.432   InitTarget() start
T5B28 1296:546.432    J-Link Script File: Executing InitTarget()
T5B28 1296:546.432   InitTarget()
T5B28 1296:553.216   InitTarget() end - Took 6.75ms
T5B28 1296:553.728   Found SW-DP with ID 0x0BC11477
T5B28 1296:555.904   DPIDR: 0x0BC11477
T5B28 1296:555.904   CoreSight SoC-400 or earlier
T5B28 1296:555.904   AP map detection skipped. Manually configured AP map found.
T5B28 1296:555.904   AP[0]: AHB-AP (IDR: Not set)
T5B28 1296:556.800   AP[0]: Core found
T5B28 1296:556.800   AP[0]: AHB-AP ROM base: 0x41003000
T5B28 1296:557.440   CPUID register: 0x410CC601. Implementer code: 0x41 (ARM)
T5B28 1296:557.440   Found Cortex-M0 r0p1, Little endian.
T5B28 1296:557.696   -- Max. mem block: 0x00002860
T5B28 1296:557.696   Cortex-M: The connected J-Link (S/N 801048258) uses an old firmware module: V1 (current is 2)
T5B28 1296:557.824   CPU_ReadMem(4 bytes @ 0xE000EDF0)
T5B28 1296:558.208   CPU_ReadMem(4 bytes @ 0xE0002000)
T5B28 1296:558.464   FPUnit: 4 code (BP) slots and 0 literal slots
T5B28 1296:558.464   CPU_ReadMem(4 bytes @ 0xE000EDFC)
T5B28 1296:558.848   CPU_ReadMem(4 bytes @ 0xE0001000)
T5B28 1296:559.232   CoreSight components:
T5B28 1296:559.360   ROMTbl[0] @ 41003000
T5B28 1296:559.360   CPU_ReadMem(64 bytes @ 0x41003000)
T5B28 1296:560.000   CPU_ReadMem(32 bytes @ 0xE00FFFE0)
T5B28 1296:560.768   [0][0]: E00FF000 CID B105100D PID 000BB4C0 ROM Table
T5B28 1296:560.768   ROMTbl[1] @ E00FF000
T5B28 1296:560.768   CPU_ReadMem(64 bytes @ 0xE00FF000)
T5B28 1296:561.664   CPU_ReadMem(32 bytes @ 0xE000EFE0)
T5B28 1296:562.048   [1][0]: E000E000 CID B105E00D PID 000BB008 SCS
T5B28 1296:562.048   CPU_ReadMem(32 bytes @ 0xE0001FE0)
T5B28 1296:562.688   [1][1]: E0001000 CID B105E00D PID 000BB00A DWT
T5B28 1296:562.688   CPU_ReadMem(32 bytes @ 0xE0002FE0)
T5B28 1296:563.072   [1][2]: E0002000 CID B105E00D PID 000BB00B FPB
T5B28 1296:563.072   CPU_ReadMem(32 bytes @ 0x41006FE0)
T5B28 1296:563.712   [0][1]: 41006000 CID B105900D PID 001BB932 MTB-M0+
T5B28 1296:563.712   JLINK_Reset()
T5B28 1296:563.712     CPU_ReadMem(4 bytes @ 0x20000000)
T5B28 1296:563.968     CPU_WriteMem(4 bytes @ 0x20000000)
T5B28 1296:564.352     ResetTarget() start
T5B28 1296:564.352      J-Link Script File: Executing ResetTarget()
T5B28 1296:564.736     CPU_ReadMem(4 bytes @ 0xE000EDFC)
T5B28 1296:564.992     CPU_WriteMem(4 bytes @ 0xE000EDFC)
T5B28 1296:565.248     CPU_WriteMem(4 bytes @ 0xE000ED0C)
T5B28 1296:567.296     CPU_ReadMem(4 bytes @ 0xE000EDF0)
T5B28 1296:567.680     CPU_ReadMem(4 bytes @ 0x41002100)
T5B28 1296:567.936     CPU_WriteMem(4 bytes @ 0xE000EDFC)
T5B28 1296:568.192     ResetTarget() end - Took 3.85ms
T5B28 1296:571.904     CPU_WriteMem(4 bytes @ 0xE0002000)
T5B28 1296:572.288     CPU_ReadMem(4 bytes @ 0xE000EDFC)
T5B28 1296:572.672     CPU_ReadMem(4 bytes @ 0xE0001000)
T5B28 1296:572.800     CPU_WriteMem(4 bytes @ 0xE0001000)
T5B28 1296:573.184   - 9.485ms
T5B28 1296:573.184   JLINK_Go()
T5B28 1296:573.184     CPU_ReadMem(4 bytes @ 0xE0001000)
T5B28 1296:573.568     CPU_WriteMem(4 bytes @ 0xE0001000)
T5B28 1296:573.696     CPU_WriteMem(4 bytes @ 0xE0001004)
T5B28 1296:574.592     Memory map 'after startup completion point' is active
T5B28 1296:574.592   - 1.407ms
T5B28 1296:574.592 - 28.918ms
T5B28 1296:582.656 JLINK_Close()
T5B28 1296:591.616 - 9.057ms
T5B28 1296:591.616   
T5B28 1296:591.744   Closed
