T5B28 953:831.616   SEGGER J-Link V7.96c Log File
T5B28 953:831.744   DLL Compiled: Apr  2 2024 12:30:42
T5B28 953:831.744   Logging started @ 2024-04-27 21:59
T5B28 953:831.744   Process: C:\Program Files (x86)\Atmel\Studio\7.0\atbackend\atbackend.exe
T5B28 953:831.744 - 68921.136ms
T5B28 953:840.128 JLINK_ExecCommand("Device = ATSAMD21G18A", ...). 
T5B28 953:840.320   Device "ATSAMD21G18A" selected.
T5B28 953:840.512 - 0.390ms returns 0x00
T5B28 953:856.640 JLINK_TIF_Select(JLINKARM_TIF_SWD)
T5B28 953:857.216 - 0.666ms returns 0x00
T5B28 953:857.216 JLINK_SetSpeed(4000)
T5B28 953:857.344 - 0.070ms
T5B28 953:857.344 JLINK_ResetPullsRESET(OFF)
T5B28 953:857.408 - 0.012ms
T5B28 953:857.408 JLINK_Connect()
T5B28 953:857.536   InitTarget() start
T5B28 953:857.728    J-Link Script File: Executing InitTarget()
T5B28 953:857.856   InitTarget()
T5B28 953:859.776   InitTarget() end - Took 2.03ms
T5B28 953:860.608   Found SW-DP with ID 0x0BC11477
T5B28 953:862.656   DPIDR: 0x0BC11477
T5B28 953:862.784   CoreSight SoC-400 or earlier
T5B28 953:862.848   Scanning AP map to find all available APs
T5B28 953:864.192   AP[1]: Stopped AP scan as end of AP map has been reached
T5B28 953:864.192   AP[0]: AHB-AP (IDR: 0x04770031)
T5B28 953:864.192   Iterating through AP map to find AHB-AP to use
T5B28 953:864.896   AP[0]: Core found
T5B28 953:865.024   AP[0]: AHB-AP ROM base: 0x41003000
T5B28 953:865.408   CPUID register: 0x410CC601. Implementer code: 0x41 (ARM)
T5B28 953:865.408   Found Cortex-M0 r0p1, Little endian.
T5B28 953:865.856   -- Max. mem block: 0x00002BA8
T5B28 953:866.368   Cortex-M: The connected J-Link (S/N 801048258) uses an old firmware module: V1 (current is 2)
T5B28 953:866.368   CPU_ReadMem(4 bytes @ 0xE000EDF0)
T5B28 953:866.624   CPU_WriteMem(4 bytes @ 0xE000EDF0)
T5B28 953:867.072   CPU_ReadMem(4 bytes @ 0xE0002000)
T5B28 953:867.456   FPUnit: 4 code (BP) slots and 0 literal slots
T5B28 953:867.456   CPU_ReadMem(4 bytes @ 0xE000EDFC)
T5B28 953:867.776   CPU_WriteMem(4 bytes @ 0xE000EDFC)
T5B28 953:868.160   CPU_ReadMem(4 bytes @ 0xE0001000)
T5B28 953:868.480   CPU_WriteMem(4 bytes @ 0xE0001000)
T5B28 953:868.800   CoreSight components:
T5B28 953:868.800   ROMTbl[0] @ 41003000
T5B28 953:868.800   CPU_ReadMem(64 bytes @ 0x41003000)
T5B28 953:869.504   CPU_ReadMem(32 bytes @ 0xE00FFFE0)
T5B28 953:869.952   [0][0]: E00FF000 CID B105100D PID 000BB4C0 ROM Table
T5B28 953:869.952   ROMTbl[1] @ E00FF000
T5B28 953:869.952   CPU_ReadMem(64 bytes @ 0xE00FF000)
T5B28 953:870.656   CPU_ReadMem(32 bytes @ 0xE000EFE0)
T5B28 953:871.168   [1][0]: E000E000 CID B105E00D PID 000BB008 SCS
T5B28 953:871.168   CPU_ReadMem(32 bytes @ 0xE0001FE0)
T5B28 953:871.680   [1][1]: E0001000 CID B105E00D PID 000BB00A DWT
T5B28 953:871.680   CPU_ReadMem(32 bytes @ 0xE0002FE0)
T5B28 953:872.192   [1][2]: E0002000 CID B105E00D PID 000BB00B FPB
T5B28 953:872.256   CPU_ReadMem(32 bytes @ 0x41006FE0)
T5B28 953:872.704   [0][1]: 41006000 CID B105900D PID 001BB932 MTB-M0+
T5B28 953:872.704 - 15.302ms returns 0x00
T5B28 953:872.768 JLINK_ExecCommand("ExcludeFlashCacheRange 0x0 - 0x40000", ...). 
T5B28 953:872.768 - 0.001ms returns 0x00
T5B28 953:872.768 JLINK_Halt()
T5B28 953:875.456 - 2.675ms returns 0x00
T5B28 953:876.288 JLINK_JTAG_GetDeviceID(DeviceIndex = 0)
T5B28 953:876.288 - 0.008ms returns 0
T5B28 953:876.288 JLINK_ReadMemU32(0x41002018, 0x1 Items)
T5B28 953:876.288   CPU_ReadMem(4 bytes @ 0x41002018)
T5B28 953:876.608   Data:  05 03 01 10
T5B28 953:876.608 - 0.318ms returns 1 (0x1)
T464C 953:885.376 JLINK_IsHalted()
T464C 953:885.696 - 0.298ms returns TRUE
T464C 953:885.696 JLINK_GetMOEs(...)
T464C 953:885.696   CPU_ReadMem(4 bytes @ 0xE000ED30)
T464C 953:886.016 - 0.360ms returns 0x01
T464C 953:886.080 JLINK_ReadReg(R15 (PC))
T464C 953:886.080 - 0.006ms returns 0x00017C9C
T5B28 953:894.208 JLINK_BeginDownload(Flags = 0x00000000)
T5B28 953:894.208 - 0.019ms
T5B28 953:894.208 JLINK_WriteMem(0x00000000, 0xC99C Bytes, ...)
T5B28 953:894.208   Data:  98 2C 00 20 79 6B 00 00 71 6C 00 00 71 6C 00 00 ...
T5B28 953:894.528   completely In flash
T5B28 953:894.528 - 0.271ms returns 0xC99C
T5B28 953:894.592 JLINK_WriteMem(0x0000C99C, 0x94 Bytes, ...)
T5B28 953:894.592   Data:  40 1F 00 00 08 00 00 00 11 01 00 00 30 3A 73 64 ...
T5B28 953:894.592   completely In flash
T5B28 953:894.592 - 0.019ms returns 0x94
T464C 954:086.528 JLINK_IsHalted()
T464C 954:086.592 - 0.017ms returns TRUE
T5B28 954:087.104 JLINK_EndDownload()
T5B28 954:087.296   CPU_ReadMem(4 bytes @ 0x41006004)
T5B28 954:087.552   CPU_ReadMem(4 bytes @ 0xE000ED90)
T5B28 954:087.808    -- --------------------------------------
T5B28 954:087.808    -- Flash bank @ 0x00000000: Default: L2 verify disabled because algorithm performs L1 verify
T5B28 954:087.808    -- Start of determining dirty areas in flash cache
T5B28 954:087.808    -- Filling invalid ranges in sector buffer (flash cache) for sector @ 0x00000000 if necessary
T5B28 954:087.936    -- Filling invalid ranges in sector buffer (flash cache) for sector @ 0x00000100 if necessary
T5B28 954:087.936    -- Filling invalid ranges in sector buffer (flash cache) for sector @ 0x00000200 if necessary
T5B28 954:087.936    -- Filling invalid ranges in sector buffer (flash cache) for sector @ 0x00000300 if necessary
T5B28 954:087.936    -- Filling invalid ranges in sector buffer (flash cache) for sector @ 0x00000400 if necessary
T5B28 954:087.936    -- Filling invalid ranges in sector buffer (flash cache) for sector @ 0x00000500 if necessary
T5B28 954:087.936    -- Filling invalid ranges in sector buffer (flash cache) for sector @ 0x00000600 if necessary
T5B28 954:087.936    -- Filling invalid ranges in sector buffer (flash cache) for sector @ 0x00000700 if necessary
T5B28 954:087.936    -- Filling invalid ranges in sector buffer (flash cache) for sector @ 0x00000800 if necessary
T5B28 954:087.936    -- Filling invalid ranges in sector buffer (flash cache) for sector @ 0x00000900 if necessary
T5B28 954:087.936    -- Filling invalid ranges in sector buffer (flash cache) for sector @ 0x00000A00 if necessary
T5B28 954:087.936    -- Filling invalid ranges in sector buffer (flash cache) for sector @ 0x00000B00 if necessary
T5B28 954:087.936    -- Filling invalid ranges in sector buffer (flash cache) for sector @ 0x00000C00 if necessary
T5B28 954:087.936    -- Filling invalid ranges in sector buffer (flash cache) for sector @ 0x00000D00 if necessary
T5B28 954:087.936    -- Filling invalid ranges in sector buffer (flash cache) for sector @ 0x00000E00 if necessary
T5B28 954:087.936    -- Filling invalid ranges in sector buffer (flash cache) for sector @ 0x00000F00 if necessary
T5B28 954:088.064    -- Filling invalid ranges in sector buffer (flash cache) for sector @ 0x00001000 if necessary
T5B28 954:088.064    -- Filling invalid ranges in sector buffer (flash cache) for sector @ 0x00001100 if necessary
T5B28 954:088.064    -- Filling invalid ranges in sector buffer (flash cache) for sector @ 0x00001200 if necessary
T5B28 954:088.064    -- Filling invalid ranges in sector buffer (flash cache) for sector @ 0x00001300 if necessary
T5B28 954:088.064    -- Filling invalid ranges in sector buffer (flash cache) for sector @ 0x00001400 if necessary
T5B28 954:088.064    -- Filling invalid ranges in sector buffer (flash cache) for sector @ 0x00001500 if necessary
T5B28 954:088.064    -- Filling invalid ranges in sector buffer (flash cache) for sector @ 0x00001600 if necessary
T5B28 954:088.064    -- Filling invalid ranges in sector buffer (flash cache) for sector @ 0x00001700 if necessary
T5B28 954:088.064    -- Filling invalid ranges in sector buffer (flash cache) for sector @ 0x00001800 if necessary
T5B28 954:088.064    -- Filling invalid ranges in sector buffer (flash cache) for sector @ 0x00001900 if necessary
T5B28 954:088.064    -- Filling invalid ranges in sector buffer (flash cache) for sector @ 0x00001A00 if necessary
T5B28 954:088.064    -- Filling invalid ranges in sector buffer (flash cache) for sector @ 0x00001B00 if necessary
T5B28 954:088.064    -- Filling invalid ranges in sector buffer (flash cache) for sector @ 0x00001C00 if necessary
T5B28 954:088.128    -- Filling invalid ranges in sector buffer (flash cache) for sector @ 0x00001D00 if necessary
T5B28 954:088.128    -- Filling invalid ranges in sector buffer (flash cache) for sector @ 0x00001E00 if necessary
T5B28 954:088.128    -- Filling invalid ranges in sector buffer (flash cache) for sector @ 0x00001F00 if necessary
T5B28 954:088.128    -- Filling invalid ranges in sector buffer (flash cache) for sector @ 0x00002000 if necessary
T5B28 954:088.128    -- Filling invalid ranges in sector buffer (flash cache) for sector @ 0x00002100 if necessary
T5B28 954:088.128    -- Filling invalid ranges in sector buffer (flash cache) for sector @ 0x00002200 if necessary
T5B28 954:088.256    -- Filling invalid ranges in sector buffer (flash cache) for sector @ 0x00002300 if necessary
T5B28 954:088.256    -- Filling invalid ranges in sector buffer (flash cache) for sector @ 0x00002400 if necessary
T5B28 954:088.256    -- Filling invalid ranges in sector buffer (flash cache) for sector @ 0x00002500 if necessary
T5B28 954:088.256    -- Filling invalid ranges in sector buffer (flash cache) for sector @ 0x00002600 if necessary
T5B28 954:088.256    -- Filling invalid ranges in sector buffer (flash cache) for sector @ 0x00002700 if necessary
T5B28 954:088.256    -- Filling invalid ranges in sector buffer (flash cache) for sector @ 0x00002800 if necessary
T5B28 954:088.256    -- Filling invalid ranges in sector buffer (flash cache) for sector @ 0x00002900 if necessary
T5B28 954:088.256    -- Filling invalid ranges in sector buffer (flash cache) for sector @ 0x00002A00 if necessary
T5B28 954:088.256    -- Filling invalid ranges in sector buffer (flash cache) for sector @ 0x00002B00 if necessary
T5B28 954:088.256    -- Filling invalid ranges in sector buffer (flash cache) for sector @ 0x00002C00 if necessary
T5B28 954:088.256    -- Filling invalid ranges in sector buffer (flash cache) for sector @ 0x00002D00 if necessary
T5B28 954:088.256    -- Filling invalid ranges in sector buffer (flash cache) for sector @ 0x00002E00 if necessary
T5B28 954:088.256    -- Filling invalid ranges in sector buffer (flash cache) for sector @ 0x00002F00 if necessary
T5B28 954:088.320    -- Filling invalid ranges in sector buffer (flash cache) for sector @ 0x00003000 if necessary
T5B28 954:088.320    -- Filling invalid ranges in sector buffer (flash cache) for sector @ 0x00003100 if necessary
T5B28 954:088.320    -- Filling invalid ranges in sector buffer (flash cache) for sector @ 0x00003200 if necessary
T5B28 954:088.320    -- Filling invalid ranges in sector buffer (flash cache) for sector @ 0x00003300 if necessary
T5B28 954:088.320    -- Filling invalid ranges in sector buffer (flash cache) for sector @ 0x00003400 if necessary
T5B28 954:088.320    -- Filling invalid ranges in sector buffer (flash cache) for sector @ 0x00003500 if necessary
T5B28 954:088.320    -- Filling invalid ranges in sector buffer (flash cache) for sector @ 0x00003600 if necessary
T5B28 954:088.320    -- Filling invalid ranges in sector buffer (flash cache) for sector @ 0x00003700 if necessary
T5B28 954:088.320    -- Filling invalid ranges in sector buffer (flash cache) for sector @ 0x00003800 if necessary
T5B28 954:088.320    -- Filling invalid ranges in sector buffer (flash cache) for sector @ 0x00003900 if necessary
T5B28 954:088.320    -- Filling invalid ranges in sector buffer (flash cache) for sector @ 0x00003A00 if necessary
T5B28 954:088.320    -- Filling invalid ranges in sector buffer (flash cache) for sector @ 0x00003B00 if necessary
T5B28 954:088.448    -- Filling invalid ranges in sector buffer (flash cache) for sector @ 0x00003C00 if necessary
T5B28 954:088.448    -- Filling invalid ranges in sector buffer (flash cache) for sector @ 0x00003D00 if necessary
T5B28 954:088.448    -- Filling invalid ranges in sector buffer (flash cache) for sector @ 0x00003E00 if necessary
T5B28 954:088.448    -- Filling invalid ranges in sector buffer (flash cache) for sector @ 0x00003F00 if necessary
T5B28 954:088.448    -- Filling invalid ranges in sector buffer (flash cache) for sector @ 0x00004000 if necessary
T5B28 954:088.448    -- Filling invalid ranges in sector buffer (flash cache) for sector @ 0x00004100 if necessary
T5B28 954:088.448    -- Filling invalid ranges in sector buffer (flash cache) for sector @ 0x00004200 if necessary
T5B28 954:088.448    -- Filling invalid ranges in sector buffer (flash cache) for sector @ 0x00004300 if necessary
T5B28 954:088.448    -- Filling invalid ranges in sector buffer (flash cache) for sector @ 0x00004400 if necessary
T5B28 954:088.448    -- Filling invalid ranges in sector buffer (flash cache) for sector @ 0x00004500 if necessary
T5B28 954:088.448    -- Filling invalid ranges in sector buffer (flash cache) for sector @ 0x00004600 if necessary
T5B28 954:088.448    -- Filling invalid ranges in sector buffer (flash cache) for sector @ 0x00004700 if necessary
T5B28 954:088.448    -- Filling invalid ranges in sector buffer (flash cache) for sector @ 0x00004800 if necessary
T5B28 954:088.448    -- Filling invalid ranges in sector buffer (flash cache) for sector @ 0x00004900 if necessary
T5B28 954:088.576    -- Filling invalid ranges in sector buffer (flash cache) for sector @ 0x00004A00 if necessary
T5B28 954:088.576    -- Filling invalid ranges in sector buffer (flash cache) for sector @ 0x00004B00 if necessary
T5B28 954:088.576    -- Filling invalid ranges in sector buffer (flash cache) for sector @ 0x00004C00 if necessary
T5B28 954:088.576    -- Filling invalid ranges in sector buffer (flash cache) for sector @ 0x00004D00 if necessary
T5B28 954:088.576    -- Filling invalid ranges in sector buffer (flash cache) for sector @ 0x00004E00 if necessary
T5B28 954:088.576    -- Filling invalid ranges in sector buffer (flash cache) for sector @ 0x00004F00 if necessary
T5B28 954:088.576    -- Filling invalid ranges in sector buffer (flash cache) for sector @ 0x00005000 if necessary
T5B28 954:088.576    -- Filling invalid ranges in sector buffer (flash cache) for sector @ 0x00005100 if necessary
T5B28 954:088.640    -- Filling invalid ranges in sector buffer (flash cache) for sector @ 0x00005200 if necessary
T5B28 954:088.640    -- Filling invalid ranges in sector buffer (flash cache) for sector @ 0x00005300 if necessary
T5B28 954:088.640    -- Filling invalid ranges in sector buffer (flash cache) for sector @ 0x00005400 if necessary
T5B28 954:088.640    -- Filling invalid ranges in sector buffer (flash cache) for sector @ 0x00005500 if necessary
T5B28 954:088.640    -- Filling invalid ranges in sector buffer (flash cache) for sector @ 0x00005600 if necessary
T5B28 954:088.640    -- Filling invalid ranges in sector buffer (flash cache) for sector @ 0x00005700 if necessary
T5B28 954:088.640    -- Filling invalid ranges in sector buffer (flash cache) for sector @ 0x00005800 if necessary
T5B28 954:088.640    -- Filling invalid ranges in sector buffer (flash cache) for sector @ 0x00005900 if necessary
T5B28 954:088.640    -- Filling invalid ranges in sector buffer (flash cache) for sector @ 0x00005A00 if necessary
T5B28 954:088.640    -- Filling invalid ranges in sector buffer (flash cache) for sector @ 0x00005B00 if necessary
T5B28 954:088.640    -- Filling invalid ranges in sector buffer (flash cache) for sector @ 0x00005C00 if necessary
T5B28 954:088.640    -- Filling invalid ranges in sector buffer (flash cache) for sector @ 0x00005D00 if necessary
T5B28 954:088.640    -- Filling invalid ranges in sector buffer (flash cache) for sector @ 0x00005E00 if necessary
T5B28 954:088.768    -- Filling invalid ranges in sector buffer (flash cache) for sector @ 0x00005F00 if necessary
T5B28 954:088.768    -- Filling invalid ranges in sector buffer (flash cache) for sector @ 0x00006000 if necessary
T5B28 954:088.768    -- Filling invalid ranges in sector buffer (flash cache) for sector @ 0x00006100 if necessary
T5B28 954:088.768    -- Filling invalid ranges in sector buffer (flash cache) for sector @ 0x00006200 if necessary
T5B28 954:088.832    -- Filling invalid ranges in sector buffer (flash cache) for sector @ 0x00006300 if necessary
T5B28 954:088.832    -- Filling invalid ranges in sector buffer (flash cache) for sector @ 0x00006400 if necessary
T5B28 954:088.832    -- Filling invalid ranges in sector buffer (flash cache) for sector @ 0x00006500 if necessary
T5B28 954:088.832    -- Filling invalid ranges in sector buffer (flash cache) for sector @ 0x00006600 if necessary
T5B28 954:088.832    -- Filling invalid ranges in sector buffer (flash cache) for sector @ 0x00006700 if necessary
T5B28 954:088.832    -- Filling invalid ranges in sector buffer (flash cache) for sector @ 0x00006800 if necessary
T5B28 954:088.960    -- Filling invalid ranges in sector buffer (flash cache) for sector @ 0x00006900 if necessary
T5B28 954:088.960    -- Filling invalid ranges in sector buffer (flash cache) for sector @ 0x00006A00 if necessary
T5B28 954:088.960    -- Filling invalid ranges in sector buffer (flash cache) for sector @ 0x00006B00 if necessary
T5B28 954:088.960    -- Filling invalid ranges in sector buffer (flash cache) for sector @ 0x00006C00 if necessary
T5B28 954:088.960    -- Filling invalid ranges in sector buffer (flash cache) for sector @ 0x00006D00 if necessary
T5B28 954:088.960    -- Filling invalid ranges in sector buffer (flash cache) for sector @ 0x00006E00 if necessary
T5B28 954:088.960    -- Filling invalid ranges in sector buffer (flash cache) for sector @ 0x00006F00 if necessary
T5B28 954:088.960    -- Filling invalid ranges in sector buffer (flash cache) for sector @ 0x00007000 if necessary
T5B28 954:088.960    -- Filling invalid ranges in sector buffer (flash cache) for sector @ 0x00007100 if necessary
T5B28 954:088.960    -- Filling invalid ranges in sector buffer (flash cache) for sector @ 0x00007200 if necessary
T5B28 954:088.960    -- Filling invalid ranges in sector buffer (flash cache) for sector @ 0x00007300 if necessary
T5B28 954:088.960    -- Filling invalid ranges in sector buffer (flash cache) for sector @ 0x00007400 if necessary
T5B28 954:088.960    -- Filling invalid ranges in sector buffer (flash cache) for sector @ 0x00007500 if necessary
T5B28 954:089.088    -- Filling invalid ranges in sector buffer (flash cache) for sector @ 0x00007600 if necessary
T5B28 954:089.088    -- Filling invalid ranges in sector buffer (flash cache) for sector @ 0x00007700 if necessary
T5B28 954:089.088    -- Filling invalid ranges in sector buffer (flash cache) for sector @ 0x00007800 if necessary
T5B28 954:089.088    -- Filling invalid ranges in sector buffer (flash cache) for sector @ 0x00007900 if necessary
T5B28 954:089.088    -- Filling invalid ranges in sector buffer (flash cache) for sector @ 0x00007A00 if necessary
T5B28 954:089.088    -- Filling invalid ranges in sector buffer (flash cache) for sector @ 0x00007B00 if necessary
T5B28 954:089.088    -- Filling invalid ranges in sector buffer (flash cache) for sector @ 0x00007C00 if necessary
T5B28 954:089.088    -- Filling invalid ranges in sector buffer (flash cache) for sector @ 0x00007D00 if necessary
T5B28 954:089.088    -- Filling invalid ranges in sector buffer (flash cache) for sector @ 0x00007E00 if necessary
T5B28 954:089.088    -- Filling invalid ranges in sector buffer (flash cache) for sector @ 0x00007F00 if necessary
T5B28 954:089.088    -- Filling invalid ranges in sector buffer (flash cache) for sector @ 0x00008000 if necessary
T5B28 954:089.088    -- Filling invalid ranges in sector buffer (flash cache) for sector @ 0x00008100 if necessary
T5B28 954:089.088    -- Filling invalid ranges in sector buffer (flash cache) for sector @ 0x00008200 if necessary
T5B28 954:089.088    -- Filling invalid ranges in sector buffer (flash cache) for sector @ 0x00008300 if necessary
T5B28 954:089.152    -- Filling invalid ranges in sector buffer (flash cache) for sector @ 0x00008400 if necessary
T5B28 954:089.152    -- Filling invalid ranges in sector buffer (flash cache) for sector @ 0x00008500 if necessary
T5B28 954:089.152    -- Filling invalid ranges in sector buffer (flash cache) for sector @ 0x00008600 if necessary
T5B28 954:089.152    -- Filling invalid ranges in sector buffer (flash cache) for sector @ 0x00008700 if necessary
T5B28 954:089.152    -- Filling invalid ranges in sector buffer (flash cache) for sector @ 0x00008800 if necessary
T5B28 954:089.152    -- Filling invalid ranges in sector buffer (flash cache) for sector @ 0x00008900 if necessary
T5B28 954:089.152    -- Filling invalid ranges in sector buffer (flash cache) for sector @ 0x00008A00 if necessary
T5B28 954:089.152    -- Filling invalid ranges in sector buffer (flash cache) for sector @ 0x00008B00 if necessary
T5B28 954:089.152    -- Filling invalid ranges in sector buffer (flash cache) for sector @ 0x00008C00 if necessary
T5B28 954:089.152    -- Filling invalid ranges in sector buffer (flash cache) for sector @ 0x00008D00 if necessary
T5B28 954:089.152    -- Filling invalid ranges in sector buffer (flash cache) for sector @ 0x00008E00 if necessary
T5B28 954:089.152    -- Filling invalid ranges in sector buffer (flash cache) for sector @ 0x00008F00 if necessary
T5B28 954:089.152    -- Filling invalid ranges in sector buffer (flash cache) for sector @ 0x00009000 if necessary
T5B28 954:089.152    -- Filling invalid ranges in sector buffer (flash cache) for sector @ 0x00009100 if necessary
T5B28 954:089.152    -- Filling invalid ranges in sector buffer (flash cache) for sector @ 0x00009200 if necessary
T5B28 954:089.280    -- Filling invalid ranges in sector buffer (flash cache) for sector @ 0x00009300 if necessary
T5B28 954:089.280    -- Filling invalid ranges in sector buffer (flash cache) for sector @ 0x00009400 if necessary
T5B28 954:089.280    -- Filling invalid ranges in sector buffer (flash cache) for sector @ 0x00009500 if necessary
T5B28 954:089.280    -- Filling invalid ranges in sector buffer (flash cache) for sector @ 0x00009600 if necessary
T5B28 954:089.280    -- Filling invalid ranges in sector buffer (flash cache) for sector @ 0x00009700 if necessary
T5B28 954:089.280    -- Filling invalid ranges in sector buffer (flash cache) for sector @ 0x00009800 if necessary
T5B28 954:089.280    -- Filling invalid ranges in sector buffer (flash cache) for sector @ 0x00009900 if necessary
T5B28 954:089.280    -- Filling invalid ranges in sector buffer (flash cache) for sector @ 0x00009A00 if necessary
T5B28 954:089.280    -- Filling invalid ranges in sector buffer (flash cache) for sector @ 0x00009B00 if necessary
T5B28 954:089.280    -- Filling invalid ranges in sector buffer (flash cache) for sector @ 0x00009C00 if necessary
T5B28 954:089.280    -- Filling invalid ranges in sector buffer (flash cache) for sector @ 0x00009D00 if necessary
T5B28 954:089.280    -- Filling invalid ranges in sector buffer (flash cache) for sector @ 0x00009E00 if necessary
T5B28 954:089.280    -- Filling invalid ranges in sector buffer (flash cache) for sector @ 0x00009F00 if necessary
T5B28 954:089.280    -- Filling invalid ranges in sector buffer (flash cache) for sector @ 0x0000A000 if necessary
T5B28 954:089.280    -- Filling invalid ranges in sector buffer (flash cache) for sector @ 0x0000A100 if necessary
T5B28 954:089.344    -- Filling invalid ranges in sector buffer (flash cache) for sector @ 0x0000A200 if necessary
T5B28 954:089.344    -- Filling invalid ranges in sector buffer (flash cache) for sector @ 0x0000A300 if necessary
T5B28 954:089.344    -- Filling invalid ranges in sector buffer (flash cache) for sector @ 0x0000A400 if necessary
T5B28 954:089.344    -- Filling invalid ranges in sector buffer (flash cache) for sector @ 0x0000A500 if necessary
T5B28 954:089.344    -- Filling invalid ranges in sector buffer (flash cache) for sector @ 0x0000A600 if necessary
T5B28 954:089.344    -- Filling invalid ranges in sector buffer (flash cache) for sector @ 0x0000A700 if necessary
T5B28 954:089.344    -- Filling invalid ranges in sector buffer (flash cache) for sector @ 0x0000A800 if necessary
T5B28 954:089.344    -- Filling invalid ranges in sector buffer (flash cache) for sector @ 0x0000A900 if necessary
T5B28 954:089.344    -- Filling invalid ranges in sector buffer (flash cache) for sector @ 0x0000AA00 if necessary
T5B28 954:089.344    -- Filling invalid ranges in sector buffer (flash cache) for sector @ 0x0000AB00 if necessary
T5B28 954:089.344    -- Filling invalid ranges in sector buffer (flash cache) for sector @ 0x0000AC00 if necessary
T5B28 954:089.344    -- Filling invalid ranges in sector buffer (flash cache) for sector @ 0x0000AD00 if necessary
T5B28 954:089.344    -- Filling invalid ranges in sector buffer (flash cache) for sector @ 0x0000AE00 if necessary
T5B28 954:089.344    -- Filling invalid ranges in sector buffer (flash cache) for sector @ 0x0000AF00 if necessary
T5B28 954:089.344    -- Filling invalid ranges in sector buffer (flash cache) for sector @ 0x0000B000 if necessary
T5B28 954:089.344    -- Filling invalid ranges in sector buffer (flash cache) for sector @ 0x0000B100 if necessary
T5B28 954:089.472    -- Filling invalid ranges in sector buffer (flash cache) for sector @ 0x0000B200 if necessary
T5B28 954:089.472    -- Filling invalid ranges in sector buffer (flash cache) for sector @ 0x0000B300 if necessary
T5B28 954:089.472    -- Filling invalid ranges in sector buffer (flash cache) for sector @ 0x0000B400 if necessary
T5B28 954:089.472    -- Filling invalid ranges in sector buffer (flash cache) for sector @ 0x0000B500 if necessary
T5B28 954:089.472    -- Filling invalid ranges in sector buffer (flash cache) for sector @ 0x0000B600 if necessary
T5B28 954:089.472    -- Filling invalid ranges in sector buffer (flash cache) for sector @ 0x0000B700 if necessary
T5B28 954:089.472    -- Filling invalid ranges in sector buffer (flash cache) for sector @ 0x0000B800 if necessary
T5B28 954:089.472    -- Filling invalid ranges in sector buffer (flash cache) for sector @ 0x0000B900 if necessary
T5B28 954:089.472    -- Filling invalid ranges in sector buffer (flash cache) for sector @ 0x0000BA00 if necessary
T5B28 954:089.472    -- Filling invalid ranges in sector buffer (flash cache) for sector @ 0x0000BB00 if necessary
T5B28 954:089.472    -- Filling invalid ranges in sector buffer (flash cache) for sector @ 0x0000BC00 if necessary
T5B28 954:089.472    -- Filling invalid ranges in sector buffer (flash cache) for sector @ 0x0000BD00 if necessary
T5B28 954:089.472    -- Filling invalid ranges in sector buffer (flash cache) for sector @ 0x0000BE00 if necessary
T5B28 954:089.472    -- Filling invalid ranges in sector buffer (flash cache) for sector @ 0x0000BF00 if necessary
T5B28 954:089.472    -- Filling invalid ranges in sector buffer (flash cache) for sector @ 0x0000C000 if necessary
T5B28 954:089.472    -- Filling invalid ranges in sector buffer (flash cache) for sector @ 0x0000C100 if necessary
T5B28 954:089.600    -- Filling invalid ranges in sector buffer (flash cache) for sector @ 0x0000C200 if necessary
T5B28 954:089.600    -- Filling invalid ranges in sector buffer (flash cache) for sector @ 0x0000C300 if necessary
T5B28 954:089.600    -- Filling invalid ranges in sector buffer (flash cache) for sector @ 0x0000C400 if necessary
T5B28 954:089.600    -- Filling invalid ranges in sector buffer (flash cache) for sector @ 0x0000C500 if necessary
T5B28 954:089.600    -- Filling invalid ranges in sector buffer (flash cache) for sector @ 0x0000C600 if necessary
T5B28 954:089.600    -- Filling invalid ranges in sector buffer (flash cache) for sector @ 0x0000C700 if necessary
T5B28 954:089.600    -- Filling invalid ranges in sector buffer (flash cache) for sector @ 0x0000C800 if necessary
T5B28 954:089.600    -- Filling invalid ranges in sector buffer (flash cache) for sector @ 0x0000C900 if necessary
T5B28 954:089.600    -- Filling invalid ranges in sector buffer (flash cache) for sector @ 0x0000CA00 if necessary
T5B28 954:089.600    -- End of determining dirty areas
T5B28 954:089.600    -- Start of preparing flash programming
T5B28 954:089.664    -- Calculating RAM usage
T5B28 954:089.664    -- RAM usage = 3908 Bytes
T5B28 954:089.664    -- Preserving CPU registers
T5B28 954:089.664    -- Preparing target
T5B28 954:089.664    -- Preserving target RAM temporarily used for programming
T5B28 954:110.272    -- Downloading RAMCode
T5B28 954:127.168    -- Preparing RAMCode
T5B28 954:132.352    -- End of preparing flash programming
T5B28 954:138.240    -- CPU speed could not be measured.
T5B28 954:138.240    -- Start of comparing flash
T5B28 954:138.240    -- CRC check was estimated as fastest method
T5B28 954:177.856    -- Comparing range 0x0000 - 0x7FFF (128 Sectors, 32 KB), using multi-block CRC calculation
T5B28 954:210.496    -- All CRCs match
T5B28 954:210.816    -- Comparing range 0x8000 - 0xCAFF (75 Sectors, 18 KB), using multi-block CRC calculation
T5B28 954:227.712    -- All CRCs match
T5B28 954:227.904    -- Comparing range 0x0000 - 0x7FFF (128 Sectors, 32 KB), using alternative multi-block CRC calculation
T5B28 954:254.208    -- All CRCs match
T5B28 954:254.528    -- Comparing range 0x8000 - 0xCAFF (75 Sectors, 18 KB), using alternative multi-block CRC calculation
T5B28 954:270.336    -- All CRCs match
T5B28 954:270.400    -- End of comparing flash
T5B28 954:270.400    -- Start of erasing sectors
T5B28 954:270.400    -- End of erasing sectors
T5B28 954:270.400    -- Start of flash programming
T5B28 954:270.400    -- End of flash programming
T5B28 954:270.400    -- Start of restoring
T5B28 954:270.400    -- Restoring RAMCode
T5B28 954:274.304    -- Restoring target memory
T5B28 954:293.888    -- Restore target
T5B28 954:293.888    -- Restoring CPU registers
T5B28 954:293.888    -- End of restoring
T5B28 954:293.952    -- Bank 0 @ 0x00000000: Skipped. Contents already match
T5B28 954:293.952    -- Bank 0 @ 0x00000000: Skipped. Contents already match
T5B28 954:300.544 - 213.406ms returns 0 (0x0)
T5B28 954:300.608 JLINK_ResetPullsRESET(ON)
T5B28 954:300.608 - 0.006ms
T5B28 954:300.736 JLINK_ResetNoHalt()
T5B28 954:300.928   InitTarget() start
T5B28 954:301.056    J-Link Script File: Executing InitTarget()
T5B28 954:301.056   InitTarget()
T5B28 954:304.192   InitTarget() end - Took 3.16ms
T5B28 954:304.832   Found SW-DP with ID 0x0BC11477
T5B28 954:306.752   DPIDR: 0x0BC11477
T5B28 954:306.752   CoreSight SoC-400 or earlier
T5B28 954:306.752   AP map detection skipped. Manually configured AP map found.
T5B28 954:306.752   AP[0]: AHB-AP (IDR: Not set)
T5B28 954:307.584   AP[0]: Core found
T5B28 954:307.584   AP[0]: AHB-AP ROM base: 0x41003000
T5B28 954:308.096   CPUID register: 0x410CC601. Implementer code: 0x41 (ARM)
T5B28 954:308.096   Found Cortex-M0 r0p1, Little endian.
T5B28 954:308.224   -- Max. mem block: 0x00002860
T5B28 954:308.288   Cortex-M: The connected J-Link (S/N 801048258) uses an old firmware module: V1 (current is 2)
T5B28 954:308.288   CPU_ReadMem(4 bytes @ 0xE000EDF0)
T5B28 954:308.480   CPU_ReadMem(4 bytes @ 0xE0002000)
T5B28 954:308.800   FPUnit: 4 code (BP) slots and 0 literal slots
T5B28 954:308.800   CPU_ReadMem(4 bytes @ 0xE000EDFC)
T5B28 954:309.120   CPU_ReadMem(4 bytes @ 0xE0001000)
T5B28 954:309.504   CoreSight components:
T5B28 954:309.504   ROMTbl[0] @ 41003000
T5B28 954:309.504   CPU_ReadMem(64 bytes @ 0x41003000)
T5B28 954:310.336   CPU_ReadMem(32 bytes @ 0xE00FFFE0)
T5B28 954:310.976   [0][0]: E00FF000 CID B105100D PID 000BB4C0 ROM Table
T5B28 954:310.976   ROMTbl[1] @ E00FF000
T5B28 954:310.976   CPU_ReadMem(64 bytes @ 0xE00FF000)
T5B28 954:311.552   CPU_ReadMem(32 bytes @ 0xE000EFE0)
T5B28 954:312.192   [1][0]: E000E000 CID B105E00D PID 000BB008 SCS
T5B28 954:312.192   CPU_ReadMem(32 bytes @ 0xE0001FE0)
T5B28 954:312.832   [1][1]: E0001000 CID B105E00D PID 000BB00A DWT
T5B28 954:312.896   CPU_ReadMem(32 bytes @ 0xE0002FE0)
T5B28 954:313.408   [1][2]: E0002000 CID B105E00D PID 000BB00B FPB
T5B28 954:313.408   CPU_ReadMem(32 bytes @ 0x41006FE0)
T5B28 954:313.856   [0][1]: 41006000 CID B105900D PID 001BB932 MTB-M0+
T5B28 954:313.920   JLINK_Reset()
T5B28 954:313.920     CPU_ReadMem(4 bytes @ 0x20000000)
T5B28 954:314.368     CPU_WriteMem(4 bytes @ 0x20000000)
T5B28 954:314.752     ResetTarget() start
T5B28 954:314.752      J-Link Script File: Executing ResetTarget()
T5B28 954:314.752     CPU_ReadMem(4 bytes @ 0xE000EDFC)
T5B28 954:315.136     CPU_WriteMem(4 bytes @ 0xE000EDFC)
T5B28 954:315.584     CPU_WriteMem(4 bytes @ 0xE000ED0C)
T5B28 954:317.696     CPU_ReadMem(4 bytes @ 0xE000EDF0)
T5B28 954:318.016     CPU_ReadMem(4 bytes @ 0x41002100)
T5B28 954:318.464     CPU_WriteMem(4 bytes @ 0xE000EDFC)
T5B28 954:318.720     ResetTarget() end - Took 4.00ms
T5B28 954:322.624     CPU_WriteMem(4 bytes @ 0xE0002000)
T5B28 954:323.072     CPU_ReadMem(4 bytes @ 0xE000EDFC)
T5B28 954:323.456     CPU_ReadMem(4 bytes @ 0xE0001000)
T5B28 954:323.840     CPU_WriteMem(4 bytes @ 0xE0001000)
T5B28 954:324.160   - 10.248ms
T5B28 954:324.160   JLINK_Go()
T5B28 954:324.160     CPU_ReadMem(4 bytes @ 0xE0001000)
T5B28 954:324.480     CPU_WriteMem(4 bytes @ 0xE0001000)
T5B28 954:324.864     CPU_WriteMem(4 bytes @ 0xE0001004)
T5B28 954:325.696     Memory map 'after startup completion point' is active
T5B28 954:325.696   - 1.553ms
T5B28 954:325.696 - 25.031ms
T5B28 954:335.232 JLINK_Close()
T5B28 954:349.056 - 13.757ms
T5B28 954:349.056   
T5B28 954:349.056   Closed
